#! c:/iverilog-x64/bin/vvp
:ivl_version "10.1 (stable)" "(v10_1_1)";
:ivl_delay_selection "TYPICAL";
:vpi_time_precision - 12;
:vpi_module "system";
:vpi_module "vhdl_sys";
:vpi_module "v2005_math";
:vpi_module "va_math";
S_00000000028995a0 .scope module, "tb_decode" "tb_decode" 2 2;
 .timescale -9 -12;
v00000000029d5560_0 .var "comp_inst", 32 0;
v00000000029d5380_0 .net "dec_alu_op", 3 0, L_0000000002a2a1d0;  1 drivers
v00000000029d48e0_0 .net "dec_dm_select", 2 0, L_00000000029d97f0;  1 drivers
v00000000029d4e80_0 .net "dec_imm", 31 0, L_0000000002a40b20;  1 drivers
v00000000029d5b00_0 .net "dec_imm_select", 2 0, L_00000000029da970;  1 drivers
o000000000296c8a8 .functor BUFZ 1, C4<z>; HiZ drive
v00000000029d4520_0 .net "dec_is_stype", 0 0, o000000000296c8a8;  0 drivers
v00000000029d4700_0 .net "dec_jt", 19 0, L_00000000029db2d0;  1 drivers
v00000000029d4c00_0 .net "dec_rd", 4 0, L_00000000029db910;  1 drivers
v00000000029d5240_0 .net "dec_rs1", 4 0, L_00000000029dcf90;  1 drivers
RS_000000000296cc98 .resolv tri, L_00000000029d8df0, L_00000000029dd030;
v00000000029d5600_0 .net8 "dec_rs2", 4 0, RS_000000000296cc98;  2 drivers
v00000000029d45c0_0 .net "dec_sel_data", 1 0, L_00000000029dcd10;  1 drivers
v00000000029d4b60_0 .net "dec_sel_opA", 0 0, L_00000000029d9750;  1 drivers
v00000000029d5ba0_0 .net "dec_sel_opB", 0 0, L_00000000029d9cf0;  1 drivers
v00000000029d47a0_0 .net "dec_store_select", 1 0, L_00000000029d9f70;  1 drivers
v00000000029d4660_0 .net "dec_wr_en", 0 0, L_00000000029da0b0;  1 drivers
v00000000029d4ac0_0 .var/i "i", 31 0;
v00000000029d4ca0_0 .net "id_ALU_op", 3 0, L_00000000029d8ad0;  1 drivers
v00000000029d59c0_0 .net "id_dm_select", 2 0, L_0000000002958520;  1 drivers
v00000000029d4d40_0 .net "id_imm", 31 0, v00000000029d3b20_0;  1 drivers
v00000000029d56a0_0 .net "id_imm_select", 2 0, L_00000000029d6ff0;  1 drivers
v00000000029d52e0_0 .net "id_is_stype", 0 0, L_00000000029d5fb0;  1 drivers
v00000000029d5420_0 .net "id_rd", 4 0, L_00000000029d6730;  1 drivers
v00000000029d4840_0 .net "id_rsA", 4 0, L_00000000029d5920;  1 drivers
v00000000029d4980_0 .net "id_rsB", 4 0, L_00000000029d5a60;  1 drivers
v00000000029d5060_0 .net "id_sel_data", 1 0, L_00000000029d5dd0;  1 drivers
v00000000029d4a20_0 .net "id_sel_opA", 0 0, L_00000000029d74f0;  1 drivers
v00000000029d5100_0 .net "id_sel_opB", 0 0, L_00000000029d6cd0;  1 drivers
v00000000029d4de0_0 .net "id_store_select", 1 0, L_00000000029d6370;  1 drivers
v00000000029d4f20_0 .net "id_wr_en", 0 0, L_00000000029d6870;  1 drivers
v00000000029d4fc0_0 .var "inst", 31 0;
v00000000029d51a0_0 .net "is_compressed", 0 0, L_0000000002a42420;  1 drivers
v00000000029d54c0 .array "test_mem", 64 0, 31 0;
L_0000000002a426a0 .part v00000000029d5560_0, 0, 16;
S_00000000028de020 .scope module, "dddd" "compressed_decoder" 2 60, 3 11 0, S_00000000028995a0;
 .timescale -9 -12;
    .port_info 0 /INPUT 16 "inst"
    .port_info 1 /OUTPUT 1 "is_compressed"
    .port_info 2 /OUTPUT 3 "dm_select"
    .port_info 3 /OUTPUT 3 "imm_select"
    .port_info 4 /OUTPUT 2 "sel_data"
    .port_info 5 /OUTPUT 2 "store_select"
    .port_info 6 /OUTPUT 4 "alu_op"
    .port_info 7 /OUTPUT 1 "sel_opA"
    .port_info 8 /OUTPUT 1 "sel_opB"
    .port_info 9 /OUTPUT 1 "is_stype"
    .port_info 10 /OUTPUT 1 "wr_en"
    .port_info 11 /OUTPUT 5 "rs1"
    .port_info 12 /OUTPUT 5 "rs2"
    .port_info 13 /OUTPUT 5 "rd"
    .port_info 14 /OUTPUT 32 "imm"
    .port_info 15 /OUTPUT 20 "jt"
L_0000000002a2ada0 .functor OR 1, v00000000029be0c0_0, v00000000029bd4e0_0, C4<0>, C4<0>;
L_0000000002a2abe0 .functor OR 1, v00000000029c14e0_0, v00000000029bdd00_0, C4<0>, C4<0>;
L_0000000002a2ab70 .functor OR 1, v00000000029c3600_0, v00000000029bdd00_0, C4<0>, C4<0>;
L_0000000002a2a160 .functor OR 1, v00000000029bd4e0_0, v00000000029bd940_0, C4<0>, C4<0>;
L_0000000002a2a1d0 .functor BUFZ 4, v00000000029c2de0_0, C4<0000>, C4<0000>, C4<0000>;
L_0000000002a2a710 .functor AND 1, L_00000000029db050, v00000000029c2fc0_0, C4<1>, C4<1>;
L_0000000002a2aa20 .functor OR 1, L_00000000029db190, L_00000000029dc130, C4<0>, C4<0>;
L_0000000002a2ac50 .functor OR 1, L_0000000002a2aa20, L_00000000029dce50, C4<0>, C4<0>;
L_0000000002a2aa90 .functor AND 1, v00000000029bf240_0, v00000000029c3600_0, C4<1>, C4<1>;
L_0000000002a2ae10 .functor OR 1, v00000000029c18a0_0, L_0000000002a2aa90, C4<0>, C4<0>;
L_0000000002a2ad30 .functor AND 1, v00000000029bf240_0, v00000000029c3600_0, C4<1>, C4<1>;
L_0000000002a2a320 .functor OR 1, v00000000029c18a0_0, L_0000000002a2ad30, C4<0>, C4<0>;
L_0000000002a2ae80 .functor OR 1, v00000000029be0c0_0, v00000000029c2200_0, C4<0>, C4<0>;
L_0000000002a2aef0 .functor OR 1, v00000000029bde40_0, v00000000029c18a0_0, C4<0>, C4<0>;
L_0000000002a2ab00 .functor OR 1, v00000000029be0c0_0, v00000000029c2200_0, C4<0>, C4<0>;
L_0000000002a2a400 .functor AND 1, L_00000000029dd710, L_00000000029dd990, C4<1>, C4<1>;
L_0000000002a2a780 .functor OR 1, v00000000029be0c0_0, v00000000029c2200_0, C4<0>, C4<0>;
L_0000000002a2a630 .functor AND 1, v00000000029bf240_0, v00000000029c3600_0, C4<1>, C4<1>;
L_0000000002a2a860 .functor OR 1, L_0000000002a2a780, L_0000000002a2a630, C4<0>, C4<0>;
L_0000000002a2a550 .functor AND 1, v00000000029bde40_0, L_00000000029dd7b0, C4<1>, C4<1>;
L_0000000002a2a7f0 .functor OR 1, v00000000029c18a0_0, L_0000000002a2a550, C4<0>, C4<0>;
L_0000000002a2a2b0 .functor OR 1, L_0000000002a2a7f0, v00000000029c3600_0, C4<0>, C4<0>;
L_0000000002a2af60 .functor OR 1, v00000000029be0c0_0, v00000000029c2200_0, C4<0>, C4<0>;
L_0000000002a2a390 .functor OR 1, L_0000000002a2af60, v00000000029c18a0_0, C4<0>, C4<0>;
L_0000000002a2a470 .functor OR 1, L_0000000002a2a390, v00000000029bde40_0, C4<0>, C4<0>;
L_0000000002a2a4e0 .functor OR 1, L_0000000002a2a470, v00000000029c3600_0, C4<0>, C4<0>;
L_00000000029dfa70 .functor BUFT 1, C4<00>, C4<0>, C4<0>, C4<0>;
v00000000029565b0_0 .net/2u *"_s102", 1 0, L_00000000029dfa70;  1 drivers
L_00000000029dfab8 .functor BUFT 1, C4<10>, C4<0>, C4<0>, C4<0>;
v0000000002957f50_0 .net/2u *"_s104", 1 0, L_00000000029dfab8;  1 drivers
L_00000000029dfb00 .functor BUFT 1, C4<11>, C4<0>, C4<0>, C4<0>;
v0000000002958090_0 .net/2u *"_s106", 1 0, L_00000000029dfb00;  1 drivers
L_00000000029dfb48 .functor BUFT 1, C4<01>, C4<0>, C4<0>, C4<0>;
v0000000002958310_0 .net/2u *"_s108", 1 0, L_00000000029dfb48;  1 drivers
v0000000002956fb0_0 .net *"_s110", 1 0, L_00000000029db4b0;  1 drivers
v0000000002956510_0 .net *"_s112", 1 0, L_00000000029db870;  1 drivers
v0000000002956790_0 .net *"_s125", 0 0, L_00000000029db050;  1 drivers
v0000000002957190_0 .net *"_s131", 0 0, L_00000000029dc1d0;  1 drivers
v0000000002956830_0 .net *"_s133", 0 0, L_00000000029dc590;  1 drivers
v0000000002956970_0 .net *"_s136", 7 0, L_00000000029dbc30;  1 drivers
v0000000002957050_0 .net *"_s138", 2 0, L_00000000029dc8b0;  1 drivers
v0000000002956a10_0 .net *"_s140", 2 0, L_00000000029dbff0;  1 drivers
v0000000002957230_0 .net *"_s143", 0 0, L_00000000029dc630;  1 drivers
v0000000002957410_0 .net *"_s145", 0 0, L_00000000029db370;  1 drivers
v00000000029bb6a0_0 .net *"_s147", 0 0, L_00000000029dc9f0;  1 drivers
v00000000029baca0_0 .net *"_s149", 0 0, L_00000000029dc090;  1 drivers
v00000000029bc000_0 .net *"_s150", 0 0, L_00000000029dc6d0;  1 drivers
v00000000029bcb40_0 .net *"_s153", 0 0, L_00000000029dc950;  1 drivers
v00000000029bbec0_0 .net *"_s155", 0 0, L_00000000029dba50;  1 drivers
v00000000029bbc40_0 .net *"_s157", 0 0, L_00000000029daf10;  1 drivers
v00000000029bc320_0 .net *"_s159", 0 0, L_00000000029dd350;  1 drivers
v00000000029bc6e0_0 .net *"_s160", 0 0, L_00000000029dc310;  1 drivers
v00000000029bc8c0_0 .net *"_s163", 1 0, L_00000000029db550;  1 drivers
L_00000000029dfb90 .functor BUFT 1, C4<0>, C4<0>, C4<0>, C4<0>;
v00000000029bb920_0 .net/2u *"_s164", 0 0, L_00000000029dfb90;  1 drivers
L_00000000029dfbd8 .functor BUFT 1, C4<1000>, C4<0>, C4<0>, C4<0>;
v00000000029bad40_0 .net/2u *"_s168", 3 0, L_00000000029dfbd8;  1 drivers
v00000000029bb9c0_0 .net *"_s170", 0 0, L_00000000029db190;  1 drivers
L_00000000029dfc20 .functor BUFT 1, C4<1001>, C4<0>, C4<0>, C4<0>;
v00000000029bc3c0_0 .net/2u *"_s172", 3 0, L_00000000029dfc20;  1 drivers
v00000000029bb740_0 .net *"_s174", 0 0, L_00000000029dc130;  1 drivers
v00000000029bbba0_0 .net *"_s176", 0 0, L_0000000002a2aa20;  1 drivers
L_00000000029dfc68 .functor BUFT 1, C4<1010>, C4<0>, C4<0>, C4<0>;
v00000000029bb4c0_0 .net/2u *"_s178", 3 0, L_00000000029dfc68;  1 drivers
L_00000000029df488 .functor BUFT 1, C4<00>, C4<0>, C4<0>, C4<0>;
v00000000029bafc0_0 .net/2u *"_s18", 1 0, L_00000000029df488;  1 drivers
v00000000029bbce0_0 .net *"_s180", 0 0, L_00000000029dce50;  1 drivers
v00000000029bc1e0_0 .net *"_s186", 13 0, L_00000000029dad30;  1 drivers
v00000000029bba60_0 .net *"_s188", 5 0, L_00000000029dbaf0;  1 drivers
v00000000029bc960_0 .net *"_s190", 5 0, L_00000000029dcbd0;  1 drivers
L_00000000029dfcb0 .functor BUFT 1, C4<00>, C4<0>, C4<0>, C4<0>;
v00000000029bb7e0_0 .net/2u *"_s192", 1 0, L_00000000029dfcb0;  1 drivers
v00000000029bc820_0 .net *"_s194", 1 0, L_00000000029dadd0;  1 drivers
v00000000029bca00_0 .net *"_s196", 1 0, L_00000000029dc770;  1 drivers
L_00000000029dfcf8 .functor BUFT 1, C4<0>, C4<0>, C4<0>, C4<0>;
v00000000029bcaa0_0 .net/2u *"_s198", 0 0, L_00000000029dfcf8;  1 drivers
v00000000029bc0a0_0 .net *"_s201", 0 0, L_00000000029dc270;  1 drivers
v00000000029bae80_0 .net *"_s203", 0 0, L_00000000029dc3b0;  1 drivers
v00000000029bbf60_0 .net *"_s204", 0 0, L_00000000029dbb90;  1 drivers
v00000000029bb100_0 .net *"_s206", 0 0, L_00000000029dca90;  1 drivers
v00000000029bb880_0 .net *"_s208", 0 0, L_00000000029dcdb0;  1 drivers
L_00000000029dfd40 .functor BUFT 1, C4<0>, C4<0>, C4<0>, C4<0>;
v00000000029bade0_0 .net/2u *"_s210", 0 0, L_00000000029dfd40;  1 drivers
v00000000029baf20_0 .net *"_s212", 0 0, L_0000000002a2aa90;  1 drivers
v00000000029bb2e0_0 .net *"_s214", 0 0, L_0000000002a2ae10;  1 drivers
v00000000029bb600_0 .net *"_s217", 0 0, L_00000000029dcef0;  1 drivers
v00000000029bbb00_0 .net *"_s219", 0 0, L_00000000029dd3f0;  1 drivers
L_00000000029df4d0 .functor BUFT 1, C4<01>, C4<0>, C4<0>, C4<0>;
v00000000029bbd80_0 .net/2u *"_s22", 1 0, L_00000000029df4d0;  1 drivers
v00000000029bbe20_0 .net *"_s220", 0 0, L_00000000029dd0d0;  1 drivers
v00000000029bc140_0 .net *"_s222", 0 0, L_00000000029dbcd0;  1 drivers
v00000000029bc780_0 .net *"_s224", 0 0, L_00000000029dbd70;  1 drivers
L_00000000029dfd88 .functor BUFT 1, C4<0>, C4<0>, C4<0>, C4<0>;
v00000000029bc280_0 .net/2u *"_s226", 0 0, L_00000000029dfd88;  1 drivers
v00000000029bb060_0 .net *"_s228", 0 0, L_0000000002a2ad30;  1 drivers
v00000000029bc5a0_0 .net *"_s230", 0 0, L_0000000002a2a320;  1 drivers
v00000000029bb560_0 .net *"_s233", 0 0, L_00000000029dd210;  1 drivers
v00000000029bc460_0 .net *"_s235", 0 0, L_00000000029dbe10;  1 drivers
v00000000029bc500_0 .net *"_s236", 0 0, L_00000000029dc810;  1 drivers
v00000000029bc640_0 .net *"_s238", 0 0, L_00000000029db230;  1 drivers
v00000000029bb1a0_0 .net *"_s240", 0 0, L_00000000029dcb30;  1 drivers
L_00000000029dfdd0 .functor BUFT 1, C4<0>, C4<0>, C4<0>, C4<0>;
v00000000029bb240_0 .net/2u *"_s242", 0 0, L_00000000029dfdd0;  1 drivers
v00000000029bb380_0 .net *"_s245", 0 0, L_00000000029dc450;  1 drivers
v00000000029bb420_0 .net *"_s247", 0 0, L_00000000029dc4f0;  1 drivers
v00000000029c00a0_0 .net *"_s248", 0 0, L_00000000029dbeb0;  1 drivers
v00000000029c0000_0 .net *"_s251", 0 0, L_00000000029dcc70;  1 drivers
v00000000029bfce0_0 .net *"_s253", 0 0, L_00000000029db5f0;  1 drivers
v00000000029c0640_0 .net *"_s254", 0 0, L_00000000029dd170;  1 drivers
v00000000029c08c0_0 .net *"_s256", 0 0, L_00000000029dbf50;  1 drivers
v00000000029c0320_0 .net *"_s258", 0 0, L_00000000029dd2b0;  1 drivers
L_00000000029df518 .functor BUFT 1, C4<10>, C4<0>, C4<0>, C4<0>;
v00000000029c0b40_0 .net/2u *"_s26", 1 0, L_00000000029df518;  1 drivers
v00000000029c0500_0 .net *"_s260", 0 0, L_00000000029dd490;  1 drivers
L_00000000029dfe18 .functor BUFT 1, C4<0>, C4<0>, C4<0>, C4<0>;
v00000000029bf600_0 .net/2u *"_s262", 0 0, L_00000000029dfe18;  1 drivers
v00000000029bfec0_0 .net *"_s265", 0 0, L_00000000029dae70;  1 drivers
v00000000029bf4c0_0 .net *"_s267", 0 0, L_00000000029dafb0;  1 drivers
v00000000029bf560_0 .net *"_s268", 0 0, L_00000000029db410;  1 drivers
v00000000029c0aa0_0 .net *"_s270", 0 0, L_00000000029db730;  1 drivers
v00000000029bf740_0 .net *"_s272", 0 0, L_0000000002a2ae80;  1 drivers
L_00000000029dfe60 .functor BUFT 1, C4<0>, C4<0>, C4<0>, C4<0>;
v00000000029bfe20_0 .net/2u *"_s274", 0 0, L_00000000029dfe60;  1 drivers
v00000000029c05a0_0 .net *"_s276", 0 0, L_0000000002a2aef0;  1 drivers
v00000000029bf7e0_0 .net *"_s279", 0 0, L_00000000029db7d0;  1 drivers
v00000000029bf880_0 .net *"_s281", 0 0, L_00000000029ddb70;  1 drivers
v00000000029bf920_0 .net *"_s282", 0 0, L_00000000029ddad0;  1 drivers
v00000000029bf9c0_0 .net *"_s284", 0 0, L_00000000029dd8f0;  1 drivers
v00000000029bf6a0_0 .net *"_s286", 0 0, L_0000000002a2ab00;  1 drivers
L_00000000029dfea8 .functor BUFT 1, C4<0>, C4<0>, C4<0>, C4<0>;
v00000000029bfa60_0 .net/2u *"_s288", 0 0, L_00000000029dfea8;  1 drivers
v00000000029c03c0_0 .net *"_s291", 0 0, L_00000000029dd710;  1 drivers
v00000000029bfb00_0 .net *"_s293", 0 0, L_00000000029dd990;  1 drivers
v00000000029bff60_0 .net *"_s294", 0 0, L_0000000002a2a400;  1 drivers
v00000000029bfba0_0 .net *"_s297", 0 0, L_00000000029dd530;  1 drivers
v00000000029c06e0_0 .net *"_s299", 0 0, L_00000000029dda30;  1 drivers
L_00000000029df560 .functor BUFT 1, C4<100>, C4<0>, C4<0>, C4<0>;
v00000000029bfc40_0 .net/2u *"_s30", 2 0, L_00000000029df560;  1 drivers
v00000000029bfd80_0 .net *"_s300", 0 0, L_00000000029ddc10;  1 drivers
v00000000029c0140_0 .net *"_s302", 0 0, L_00000000029dd850;  1 drivers
v00000000029c0460_0 .net *"_s304", 0 0, L_0000000002a2a780;  1 drivers
v00000000029c01e0_0 .net *"_s306", 0 0, L_0000000002a2a630;  1 drivers
v00000000029c0780_0 .net *"_s308", 0 0, L_0000000002a2a860;  1 drivers
L_00000000029dfef0 .functor BUFT 1, C4<0>, C4<0>, C4<0>, C4<0>;
v00000000029c0280_0 .net/2u *"_s310", 0 0, L_00000000029dfef0;  1 drivers
v00000000029c0820_0 .net *"_s313", 0 0, L_00000000029dd7b0;  1 drivers
v00000000029c0960_0 .net *"_s314", 0 0, L_0000000002a2a550;  1 drivers
v00000000029c0a00_0 .net *"_s316", 0 0, L_0000000002a2a7f0;  1 drivers
v00000000029be3e0_0 .net *"_s318", 0 0, L_0000000002a2a2b0;  1 drivers
v00000000029be520_0 .net *"_s321", 0 0, L_00000000029dd5d0;  1 drivers
v00000000029be2a0_0 .net *"_s323", 0 0, L_00000000029dd670;  1 drivers
v00000000029be340_0 .net *"_s324", 0 0, L_0000000002a41980;  1 drivers
v00000000029bede0_0 .net *"_s326", 0 0, L_0000000002a41de0;  1 drivers
v00000000029bd580_0 .net *"_s328", 0 0, L_0000000002a2af60;  1 drivers
v00000000029be5c0_0 .net *"_s330", 0 0, L_0000000002a2a390;  1 drivers
v00000000029bd080_0 .net *"_s332", 0 0, L_0000000002a2a470;  1 drivers
v00000000029be480_0 .net *"_s334", 0 0, L_0000000002a2a4e0;  1 drivers
L_00000000029dff38 .functor BUFT 1, C4<00>, C4<0>, C4<0>, C4<0>;
v00000000029beca0_0 .net/2u *"_s336", 1 0, L_00000000029dff38;  1 drivers
v00000000029bd1c0_0 .net *"_s339", 1 0, L_0000000002a41fc0;  1 drivers
L_00000000029df5a8 .functor BUFT 1, C4<01>, C4<0>, C4<0>, C4<0>;
v00000000029be7a0_0 .net/2u *"_s34", 1 0, L_00000000029df5a8;  1 drivers
v00000000029be200_0 .net *"_s340", 1 0, L_0000000002a41160;  1 drivers
L_00000000029dff80 .functor BUFT 1, C4<11>, C4<0>, C4<0>, C4<0>;
v00000000029be8e0_0 .net/2u *"_s344", 1 0, L_00000000029dff80;  1 drivers
v00000000029bcd60_0 .net *"_s346", 0 0, L_0000000002a41700;  1 drivers
v00000000029bd120_0 .net *"_s36", 4 0, L_00000000029d9390;  1 drivers
L_00000000029df5f0 .functor BUFT 1, C4<0>, C4<0>, C4<0>, C4<0>;
v00000000029be660_0 .net *"_s41", 0 0, L_00000000029df5f0;  1 drivers
L_00000000029df638 .functor BUFT 1, C4<01>, C4<0>, C4<0>, C4<0>;
v00000000029bdbc0_0 .net/2u *"_s42", 1 0, L_00000000029df638;  1 drivers
v00000000029bdee0_0 .net *"_s44", 4 0, L_00000000029d9610;  1 drivers
L_00000000029df680 .functor BUFT 1, C4<0>, C4<0>, C4<0>, C4<0>;
v00000000029bd9e0_0 .net *"_s49", 0 0, L_00000000029df680;  1 drivers
L_00000000029df6c8 .functor BUFT 1, C4<10>, C4<0>, C4<0>, C4<0>;
v00000000029bd6c0_0 .net/2u *"_s50", 1 0, L_00000000029df6c8;  1 drivers
L_00000000029df710 .functor BUFT 1, C4<00>, C4<0>, C4<0>, C4<0>;
v00000000029be840_0 .net/2u *"_s52", 1 0, L_00000000029df710;  1 drivers
L_00000000029df758 .functor BUFT 1, C4<010>, C4<0>, C4<0>, C4<0>;
v00000000029bcea0_0 .net/2u *"_s56", 2 0, L_00000000029df758;  1 drivers
L_00000000029df7a0 .functor BUFT 1, C4<000>, C4<0>, C4<0>, C4<0>;
v00000000029be020_0 .net/2u *"_s58", 2 0, L_00000000029df7a0;  1 drivers
v00000000029bf380_0 .net *"_s62", 0 0, L_0000000002a2ada0;  1 drivers
L_00000000029df7e8 .functor BUFT 1, C4<0>, C4<0>, C4<0>, C4<0>;
v00000000029bdda0_0 .net/2u *"_s64", 0 0, L_00000000029df7e8;  1 drivers
L_00000000029df830 .functor BUFT 1, C4<1>, C4<0>, C4<0>, C4<0>;
v00000000029bcf40_0 .net/2u *"_s66", 0 0, L_00000000029df830;  1 drivers
v00000000029bd760_0 .net *"_s70", 0 0, L_0000000002a2abe0;  1 drivers
L_00000000029df878 .functor BUFT 1, C4<0>, C4<0>, C4<0>, C4<0>;
v00000000029befc0_0 .net/2u *"_s72", 0 0, L_00000000029df878;  1 drivers
L_00000000029df8c0 .functor BUFT 1, C4<1>, C4<0>, C4<0>, C4<0>;
v00000000029be700_0 .net/2u *"_s74", 0 0, L_00000000029df8c0;  1 drivers
v00000000029bce00_0 .net *"_s78", 0 0, L_0000000002a2ab70;  1 drivers
v00000000029bda80_0 .net *"_s82", 0 0, L_0000000002a2a160;  1 drivers
L_00000000029df908 .functor BUFT 1, C4<100>, C4<0>, C4<0>, C4<0>;
v00000000029be980_0 .net/2u *"_s84", 2 0, L_00000000029df908;  1 drivers
L_00000000029df950 .functor BUFT 1, C4<011>, C4<0>, C4<0>, C4<0>;
v00000000029bccc0_0 .net/2u *"_s86", 2 0, L_00000000029df950;  1 drivers
L_00000000029df998 .functor BUFT 1, C4<010>, C4<0>, C4<0>, C4<0>;
v00000000029bf2e0_0 .net/2u *"_s88", 2 0, L_00000000029df998;  1 drivers
L_00000000029df9e0 .functor BUFT 1, C4<001>, C4<0>, C4<0>, C4<0>;
v00000000029bea20_0 .net/2u *"_s90", 2 0, L_00000000029df9e0;  1 drivers
L_00000000029dfa28 .functor BUFT 1, C4<000>, C4<0>, C4<0>, C4<0>;
v00000000029bec00_0 .net/2u *"_s92", 2 0, L_00000000029dfa28;  1 drivers
v00000000029bd440_0 .net *"_s94", 2 0, L_00000000029da150;  1 drivers
v00000000029bdb20_0 .net *"_s96", 2 0, L_00000000029da330;  1 drivers
v00000000029bd800_0 .net *"_s98", 2 0, L_00000000029da3d0;  1 drivers
v00000000029bd8a0_0 .net "alu_op", 3 0, L_0000000002a2a1d0;  alias, 1 drivers
v00000000029bdd00_0 .var "b_type", 0 0;
v00000000029bd620_0 .net "dm_select", 2 0, L_00000000029d97f0;  alias, 1 drivers
v00000000029beac0_0 .var "ebreak_type", 0 0;
v00000000029bf420_0 .net "funct2", 1 0, L_00000000029d88f0;  1 drivers
v00000000029bcfe0_0 .net "funct2_lo", 1 0, L_00000000029d9e30;  1 drivers
v00000000029bd260_0 .net "funct3", 2 0, L_00000000029d8850;  1 drivers
v00000000029bd300_0 .net "funct4", 0 0, L_00000000029da830;  1 drivers
v00000000029beb60_0 .var "i_type", 0 0;
v00000000029bed40_0 .net "imm", 31 0, L_0000000002a40b20;  alias, 1 drivers
v00000000029bef20_0 .net "imm_select", 2 0, L_00000000029da970;  alias, 1 drivers
v00000000029bee80_0 .net "inst", 15 0, L_0000000002a426a0;  1 drivers
v00000000029bf060_0 .net "is_compressed", 0 0, L_0000000002a42420;  alias, 1 drivers
v00000000029bd3a0_0 .net "is_stype", 0 0, o000000000296c8a8;  alias, 0 drivers
v00000000029bd940_0 .var "j_type", 0 0;
v00000000029bd4e0_0 .var "jr_type", 0 0;
v00000000029bdc60_0 .net "jt", 19 0, L_00000000029db2d0;  alias, 1 drivers
v00000000029bf100_0 .net "jump_upper", 2 0, L_00000000029db690;  1 drivers
v00000000029bde40_0 .var "load_inst", 0 0;
v00000000029bf1a0_0 .net "low5", 4 0, L_00000000029db9b0;  1 drivers
v00000000029bf240_0 .var "lssp_imm", 0 0;
v00000000029bdf80_0 .net "lui_set", 5 0, L_00000000029db0f0;  1 drivers
v00000000029be0c0_0 .var "lui_type", 0 0;
v00000000029be160_0 .net "not_func3", 0 0, L_00000000029daab0;  1 drivers
v00000000029c1800_0 .net "opcode", 1 0, L_00000000029d9c50;  1 drivers
v00000000029c2340_0 .net "quad_0", 0 0, L_00000000029d8fd0;  1 drivers
v00000000029c3920_0 .net "quad_1", 0 0, L_00000000029da8d0;  1 drivers
v00000000029c1c60_0 .net "quad_2", 0 0, L_00000000029d9ed0;  1 drivers
v00000000029c14e0_0 .var "r_type", 0 0;
v00000000029c2e80_0 .net "rd", 4 0, L_00000000029db910;  alias, 1 drivers
v00000000029c2700_0 .net "rd7", 4 0, L_00000000029d8cb0;  1 drivers
v00000000029c3a60_0 .net "rs1", 4 0, L_00000000029dcf90;  alias, 1 drivers
v00000000029c1580_0 .net "rs1_abb", 2 0, L_00000000029d8e90;  1 drivers
v00000000029c2020_0 .net "rs1_eff", 5 0, L_00000000029d9570;  1 drivers
v00000000029c36a0_0 .net8 "rs2", 4 0, RS_000000000296cc98;  alias, 2 drivers
v00000000029c2660_0 .net "rs2_abb", 2 0, L_00000000029d99d0;  1 drivers
v00000000029c1760_0 .net "rs2_eff", 5 0, L_00000000029d96b0;  1 drivers
v00000000029c3240_0 .net "sel_data", 1 0, L_00000000029dcd10;  alias, 1 drivers
v00000000029c3880_0 .net "sel_opA", 0 0, L_00000000029d9750;  alias, 1 drivers
v00000000029c2a20_0 .net "sel_opB", 0 0, L_00000000029d9cf0;  alias, 1 drivers
v00000000029c2840_0 .net "shift_inst", 0 0, L_0000000002a2ac50;  1 drivers
v00000000029c2ac0_0 .net "sign", 0 0, L_0000000002a2a710;  1 drivers
v00000000029c2200_0 .var "sp_imm", 0 0;
v00000000029c18a0_0 .var "spn_imm", 0 0;
v00000000029c3600_0 .var "store_inst", 0 0;
v00000000029c2d40_0 .net "store_select", 1 0, L_00000000029d9f70;  alias, 1 drivers
v00000000029c2de0_0 .var "temp_op", 3 0;
v00000000029c16c0_0 .var "temp_rd", 5 0;
v00000000029c34c0_0 .var "temp_rs1", 5 0;
v00000000029c19e0_0 .var "temp_rs2", 5 0;
v00000000029c2fc0_0 .var "unsigned_imm", 0 0;
v00000000029c31a0_0 .net "wr_en", 0 0, L_00000000029da0b0;  alias, 1 drivers
E_0000000002945d20/0 .event edge, v00000000029c1800_0, v00000000029bd260_0, v00000000029c1760_0, v00000000029c2020_0;
E_0000000002945d20/1 .event edge, v00000000029c2700_0, v00000000029bf420_0, v00000000029bd300_0, v00000000029bcfe0_0;
E_0000000002945d20/2 .event edge, v00000000029c36a0_0;
E_0000000002945d20 .event/or E_0000000002945d20/0, E_0000000002945d20/1, E_0000000002945d20/2;
L_00000000029d9c50 .part L_0000000002a426a0, 0, 2;
L_00000000029d8850 .part L_0000000002a426a0, 13, 3;
L_00000000029da830 .part L_0000000002a426a0, 12, 1;
L_00000000029d88f0 .part L_0000000002a426a0, 10, 2;
L_00000000029d9e30 .part L_0000000002a426a0, 5, 2;
L_00000000029d8cb0 .part L_0000000002a426a0, 7, 5;
L_00000000029d8df0 .part L_0000000002a426a0, 2, 5;
L_00000000029d8e90 .part L_0000000002a426a0, 7, 3;
L_00000000029d99d0 .part L_0000000002a426a0, 2, 3;
L_00000000029d8fd0 .cmp/eq 2, L_00000000029d9c50, L_00000000029df488;
L_00000000029da8d0 .cmp/eq 2, L_00000000029d9c50, L_00000000029df4d0;
L_00000000029d9ed0 .cmp/eq 2, L_00000000029d9c50, L_00000000029df518;
L_00000000029daab0 .cmp/eq 3, L_00000000029d8850, L_00000000029df560;
L_00000000029d9390 .concat [ 3 2 0 0], L_00000000029d8e90, L_00000000029df5a8;
L_00000000029d9570 .concat [ 5 1 0 0], L_00000000029d9390, L_00000000029df5f0;
L_00000000029d9610 .concat [ 3 2 0 0], L_00000000029d99d0, L_00000000029df638;
L_00000000029d96b0 .concat [ 5 1 0 0], L_00000000029d9610, L_00000000029df680;
L_00000000029d9f70 .functor MUXZ 2, L_00000000029df710, L_00000000029df6c8, v00000000029c3600_0, C4<>;
L_00000000029d97f0 .functor MUXZ 3, L_00000000029df7a0, L_00000000029df758, v00000000029bde40_0, C4<>;
L_00000000029d9750 .functor MUXZ 1, L_00000000029df830, L_00000000029df7e8, L_0000000002a2ada0, C4<>;
L_00000000029d9cf0 .functor MUXZ 1, L_00000000029df8c0, L_00000000029df878, L_0000000002a2abe0, C4<>;
L_00000000029da0b0 .reduce/nor L_0000000002a2ab70;
L_00000000029da150 .functor MUXZ 3, L_00000000029dfa28, L_00000000029df9e0, v00000000029c3600_0, C4<>;
L_00000000029da330 .functor MUXZ 3, L_00000000029da150, L_00000000029df998, v00000000029be0c0_0, C4<>;
L_00000000029da3d0 .functor MUXZ 3, L_00000000029da330, L_00000000029df950, v00000000029bdd00_0, C4<>;
L_00000000029da970 .functor MUXZ 3, L_00000000029da3d0, L_00000000029df908, L_0000000002a2a160, C4<>;
L_00000000029db4b0 .functor MUXZ 2, L_00000000029dfb48, L_00000000029dfb00, v00000000029bde40_0, C4<>;
L_00000000029db870 .functor MUXZ 2, L_00000000029db4b0, L_00000000029dfab8, v00000000029be0c0_0, C4<>;
L_00000000029dcd10 .functor MUXZ 2, L_00000000029db870, L_00000000029dfa70, v00000000029bd4e0_0, C4<>;
L_00000000029dcf90 .part v00000000029c34c0_0, 0, 5;
L_00000000029dd030 .part v00000000029c19e0_0, 0, 5;
L_00000000029db910 .part v00000000029c16c0_0, 0, 5;
L_00000000029db050 .part L_0000000002a426a0, 12, 1;
L_00000000029db9b0 .part L_0000000002a426a0, 2, 5;
L_00000000029dc1d0 .part L_0000000002a426a0, 8, 1;
L_00000000029dc590 .part L_0000000002a426a0, 10, 1;
L_00000000029db690 .concat [ 1 1 1 0], L_00000000029dc590, L_00000000029dc1d0, L_0000000002a2a710;
LS_00000000029dbc30_0_0 .concat [ 1 1 1 1], L_0000000002a2a710, L_0000000002a2a710, L_0000000002a2a710, L_0000000002a2a710;
LS_00000000029dbc30_0_4 .concat [ 1 1 1 1], L_0000000002a2a710, L_0000000002a2a710, L_0000000002a2a710, L_0000000002a2a710;
L_00000000029dbc30 .concat [ 4 4 0 0], LS_00000000029dbc30_0_0, LS_00000000029dbc30_0_4;
L_00000000029dc8b0 .concat [ 1 1 1 0], L_0000000002a2a710, L_0000000002a2a710, L_0000000002a2a710;
L_00000000029dbff0 .functor MUXZ 3, L_00000000029dc8b0, L_00000000029db690, v00000000029bd940_0, C4<>;
L_00000000029dc630 .part L_0000000002a426a0, 9, 1;
L_00000000029db370 .part L_0000000002a426a0, 6, 1;
L_00000000029dc9f0 .part L_0000000002a426a0, 7, 1;
L_00000000029dc090 .part L_0000000002a426a0, 3, 1;
L_00000000029dc6d0 .functor MUXZ 1, L_00000000029dc090, L_00000000029dc9f0, v00000000029bd940_0, C4<>;
L_00000000029dc950 .part L_0000000002a426a0, 2, 1;
L_00000000029dba50 .part L_0000000002a426a0, 11, 1;
L_00000000029daf10 .part L_0000000002a426a0, 5, 1;
L_00000000029dd350 .part L_0000000002a426a0, 10, 1;
L_00000000029dc310 .functor MUXZ 1, L_00000000029dd350, L_00000000029daf10, v00000000029bd940_0, C4<>;
L_00000000029db550 .part L_0000000002a426a0, 3, 2;
LS_00000000029db2d0_0_0 .concat [ 1 2 1 1], L_00000000029dfb90, L_00000000029db550, L_00000000029dc310, L_00000000029dba50;
LS_00000000029db2d0_0_4 .concat [ 1 1 1 1], L_00000000029dc950, L_00000000029dc6d0, L_00000000029db370, L_00000000029dc630;
LS_00000000029db2d0_0_8 .concat [ 3 8 0 0], L_00000000029dbff0, L_00000000029dbc30;
L_00000000029db2d0 .concat [ 5 4 11 0], LS_00000000029db2d0_0_0, LS_00000000029db2d0_0_4, LS_00000000029db2d0_0_8;
L_00000000029db190 .cmp/eq 4, v00000000029c2de0_0, L_00000000029dfbd8;
L_00000000029dc130 .cmp/eq 4, v00000000029c2de0_0, L_00000000029dfc20;
L_00000000029dce50 .cmp/eq 4, v00000000029c2de0_0, L_00000000029dfc68;
L_00000000029db0f0 .concat [ 5 1 0 0], L_00000000029db9b0, L_0000000002a2a710;
LS_00000000029dad30_0_0 .concat [ 1 1 1 1], L_0000000002a2a710, L_0000000002a2a710, L_0000000002a2a710, L_0000000002a2a710;
LS_00000000029dad30_0_4 .concat [ 1 1 1 1], L_0000000002a2a710, L_0000000002a2a710, L_0000000002a2a710, L_0000000002a2a710;
LS_00000000029dad30_0_8 .concat [ 1 1 1 1], L_0000000002a2a710, L_0000000002a2a710, L_0000000002a2a710, L_0000000002a2a710;
LS_00000000029dad30_0_12 .concat [ 1 1 0 0], L_0000000002a2a710, L_0000000002a2a710;
L_00000000029dad30 .concat [ 4 4 4 2], LS_00000000029dad30_0_0, LS_00000000029dad30_0_4, LS_00000000029dad30_0_8, LS_00000000029dad30_0_12;
LS_00000000029dbaf0_0_0 .concat [ 1 1 1 1], L_0000000002a2a710, L_0000000002a2a710, L_0000000002a2a710, L_0000000002a2a710;
LS_00000000029dbaf0_0_4 .concat [ 1 1 0 0], L_0000000002a2a710, L_0000000002a2a710;
L_00000000029dbaf0 .concat [ 4 2 0 0], LS_00000000029dbaf0_0_0, LS_00000000029dbaf0_0_4;
L_00000000029dcbd0 .functor MUXZ 6, L_00000000029dbaf0, L_00000000029db0f0, v00000000029be0c0_0, C4<>;
L_00000000029dadd0 .concat [ 1 1 0 0], L_0000000002a2a710, L_0000000002a2a710;
L_00000000029dc770 .functor MUXZ 2, L_00000000029dadd0, L_00000000029dfcb0, v00000000029be0c0_0, C4<>;
L_00000000029dc270 .part L_0000000002a426a0, 10, 1;
L_00000000029dc3b0 .part L_0000000002a426a0, 12, 1;
L_00000000029dbb90 .functor MUXZ 1, L_0000000002a2a710, L_00000000029dc3b0, v00000000029c2200_0, C4<>;
L_00000000029dca90 .functor MUXZ 1, L_00000000029dbb90, L_00000000029dc270, v00000000029c18a0_0, C4<>;
L_00000000029dcdb0 .functor MUXZ 1, L_00000000029dca90, L_00000000029dfcf8, v00000000029be0c0_0, C4<>;
L_00000000029dcef0 .part L_0000000002a426a0, 9, 1;
L_00000000029dd3f0 .part L_0000000002a426a0, 4, 1;
L_00000000029dd0d0 .functor MUXZ 1, L_0000000002a2a710, L_00000000029dd3f0, v00000000029c2200_0, C4<>;
L_00000000029dbcd0 .functor MUXZ 1, L_00000000029dd0d0, L_00000000029dcef0, L_0000000002a2ae10, C4<>;
L_00000000029dbd70 .functor MUXZ 1, L_00000000029dbcd0, L_00000000029dfd40, v00000000029be0c0_0, C4<>;
L_00000000029dd210 .part L_0000000002a426a0, 8, 1;
L_00000000029dbe10 .part L_0000000002a426a0, 3, 1;
L_00000000029dc810 .functor MUXZ 1, L_0000000002a2a710, L_00000000029dbe10, v00000000029c2200_0, C4<>;
L_00000000029db230 .functor MUXZ 1, L_00000000029dc810, L_00000000029dd210, L_0000000002a2a320, C4<>;
L_00000000029dcb30 .functor MUXZ 1, L_00000000029db230, L_00000000029dfd88, v00000000029be0c0_0, C4<>;
L_00000000029dc450 .part L_0000000002a426a0, 2, 1;
L_00000000029dc4f0 .part L_0000000002a426a0, 7, 1;
L_00000000029dbeb0 .functor MUXZ 1, L_00000000029dc4f0, L_00000000029dc450, v00000000029bde40_0, C4<>;
L_00000000029dcc70 .part L_0000000002a426a0, 7, 1;
L_00000000029db5f0 .part L_0000000002a426a0, 5, 1;
L_00000000029dd170 .functor MUXZ 1, L_0000000002a2a710, L_00000000029db5f0, v00000000029c2200_0, C4<>;
L_00000000029dbf50 .functor MUXZ 1, L_00000000029dd170, L_00000000029dcc70, v00000000029c18a0_0, C4<>;
L_00000000029dd2b0 .functor MUXZ 1, L_00000000029dbf50, L_00000000029dbeb0, v00000000029bf240_0, C4<>;
L_00000000029dd490 .functor MUXZ 1, L_00000000029dd2b0, L_00000000029dfdd0, v00000000029be0c0_0, C4<>;
L_00000000029dae70 .part L_0000000002a426a0, 2, 1;
L_00000000029dafb0 .part L_0000000002a426a0, 12, 1;
L_00000000029db410 .functor MUXZ 1, L_00000000029dafb0, L_00000000029dae70, v00000000029c2200_0, C4<>;
L_00000000029db730 .functor MUXZ 1, L_00000000029db410, L_00000000029dfe18, v00000000029be0c0_0, C4<>;
L_00000000029db7d0 .part L_0000000002a426a0, 11, 1;
L_00000000029ddb70 .part L_0000000002a426a0, 6, 1;
L_00000000029ddad0 .functor MUXZ 1, L_00000000029ddb70, L_00000000029db7d0, L_0000000002a2aef0, C4<>;
L_00000000029dd8f0 .functor MUXZ 1, L_00000000029ddad0, L_00000000029dfe60, L_0000000002a2ae80, C4<>;
L_00000000029dd710 .reduce/nor v00000000029bde40_0;
L_00000000029dd990 .reduce/nor v00000000029bf240_0;
L_00000000029dd530 .part L_0000000002a426a0, 10, 1;
L_00000000029dda30 .part L_0000000002a426a0, 5, 1;
L_00000000029ddc10 .functor MUXZ 1, L_00000000029dda30, L_00000000029dd530, L_0000000002a2a400, C4<>;
L_00000000029dd850 .functor MUXZ 1, L_00000000029ddc10, L_00000000029dfea8, L_0000000002a2ab00, C4<>;
L_00000000029dd7b0 .reduce/nor v00000000029bf240_0;
L_00000000029dd5d0 .part L_0000000002a426a0, 6, 1;
L_00000000029dd670 .part L_0000000002a426a0, 4, 1;
L_0000000002a41980 .functor MUXZ 1, L_00000000029dd670, L_00000000029dd5d0, L_0000000002a2a2b0, C4<>;
L_0000000002a41de0 .functor MUXZ 1, L_0000000002a41980, L_00000000029dfef0, L_0000000002a2a860, C4<>;
L_0000000002a41fc0 .part L_0000000002a426a0, 0, 2;
L_0000000002a41160 .functor MUXZ 2, L_0000000002a41fc0, L_00000000029dff38, L_0000000002a2a4e0, C4<>;
LS_0000000002a40b20_0_0 .concat [ 2 1 1 1], L_0000000002a41160, L_0000000002a41de0, L_00000000029dd850, L_00000000029dd8f0;
LS_0000000002a40b20_0_4 .concat [ 1 1 1 1], L_00000000029db730, L_00000000029dd490, L_00000000029dcb30, L_00000000029dbd70;
LS_0000000002a40b20_0_8 .concat [ 1 2 6 14], L_00000000029dcdb0, L_00000000029dc770, L_00000000029dcbd0, L_00000000029dad30;
L_0000000002a40b20 .concat [ 5 4 23 0], LS_0000000002a40b20_0_0, LS_0000000002a40b20_0_4, LS_0000000002a40b20_0_8;
L_0000000002a41700 .cmp/eq 2, L_00000000029d9c50, L_00000000029dff80;
L_0000000002a42420 .reduce/nor L_0000000002a41700;
S_000000000288f1d0 .scope module, "dec_test" "id_dec" 2 45, 4 5 0, S_00000000028995a0;
 .timescale -9 -12;
    .port_info 0 /INPUT 32 "inst"
    .port_info 1 /OUTPUT 5 "id_rsA"
    .port_info 2 /OUTPUT 5 "id_rsB"
    .port_info 3 /OUTPUT 5 "id_rd"
    .port_info 4 /OUTPUT 4 "id_ALU_op"
    .port_info 5 /OUTPUT 1 "id_sel_opA"
    .port_info 6 /OUTPUT 1 "id_sel_opB"
    .port_info 7 /OUTPUT 1 "id_is_stype"
    .port_info 8 /OUTPUT 1 "id_wr_en"
    .port_info 9 /OUTPUT 3 "id_dm_select"
    .port_info 10 /OUTPUT 3 "id_imm_select"
    .port_info 11 /OUTPUT 2 "id_sel_data"
    .port_info 12 /OUTPUT 2 "id_store_select"
    .port_info 13 /OUTPUT 32 "id_imm"
v00000000029d1e60_0 .net "id_ALU_op", 3 0, L_00000000029d8ad0;  alias, 1 drivers
v00000000029d24a0_0 .net "id_dm_select", 2 0, L_0000000002958520;  alias, 1 drivers
v00000000029d2040_0 .net "id_funct3", 2 0, L_00000000029d57e0;  1 drivers
v00000000029d3bc0_0 .net "id_funct7", 6 0, L_00000000029d5880;  1 drivers
v00000000029d3d00_0 .net "id_imm", 31 0, v00000000029d3b20_0;  alias, 1 drivers
v00000000029d3c60_0 .net "id_imm_select", 2 0, L_00000000029d6ff0;  alias, 1 drivers
o000000000296fed8 .functor BUFZ 32, C4<zzzzzzzzzzzzzzzzzzzzzzzzzzzzzzzz>; HiZ drive
v00000000029d2ea0_0 .net "id_inst", 31 0, o000000000296fed8;  0 drivers
v00000000029d2180_0 .net "id_is_stype", 0 0, L_00000000029d5fb0;  alias, 1 drivers
v00000000029d3da0_0 .net "id_opcode", 6 0, L_00000000029d5740;  1 drivers
v00000000029d2720_0 .net "id_rd", 4 0, L_00000000029d6730;  alias, 1 drivers
v00000000029d34e0_0 .net "id_rsA", 4 0, L_00000000029d5920;  alias, 1 drivers
v00000000029d2220_0 .net "id_rsB", 4 0, L_00000000029d5a60;  alias, 1 drivers
v00000000029d27c0_0 .net "id_sel_data", 1 0, L_00000000029d5dd0;  alias, 1 drivers
v00000000029d31c0_0 .net "id_sel_opA", 0 0, L_00000000029d74f0;  alias, 1 drivers
v00000000029d2ae0_0 .net "id_sel_opB", 0 0, L_00000000029d6cd0;  alias, 1 drivers
v00000000029d2b80_0 .net "id_store_select", 1 0, L_00000000029d6370;  alias, 1 drivers
v00000000029d2f40_0 .net "id_wr_en", 0 0, L_00000000029d6870;  alias, 1 drivers
v00000000029d3080_0 .net "inst", 31 0, v00000000029d4fc0_0;  1 drivers
L_00000000029d5740 .part o000000000296fed8, 0, 7;
L_00000000029d57e0 .part o000000000296fed8, 12, 3;
L_00000000029d5880 .part o000000000296fed8, 25, 7;
L_00000000029d5920 .part o000000000296fed8, 15, 5;
L_00000000029d5a60 .part o000000000296fed8, 20, 5;
L_00000000029d6730 .part o000000000296fed8, 7, 5;
L_00000000029d87b0 .part o000000000296fed8, 7, 25;
S_000000000288f350 .scope module, "CONTROL" "controller1" 4 60, 5 22 0, S_000000000288f1d0;
 .timescale -9 -12;
    .port_info 0 /INPUT 7 "opcode"
    .port_info 1 /INPUT 3 "funct3"
    .port_info 2 /INPUT 7 "funct7"
    .port_info 3 /OUTPUT 4 "ALU_op"
    .port_info 4 /OUTPUT 1 "sel_opA"
    .port_info 5 /OUTPUT 1 "sel_opB"
    .port_info 6 /OUTPUT 1 "is_stype"
    .port_info 7 /OUTPUT 1 "wr_en"
    .port_info 8 /OUTPUT 3 "dm_select"
    .port_info 9 /OUTPUT 3 "imm_select"
    .port_info 10 /OUTPUT 2 "sel_data"
    .port_info 11 /OUTPUT 2 "store_select"
P_000000000289ed00 .param/l "auipc_inst" 0 5 56, C4<0010111>;
P_000000000289ed38 .param/l "b_type" 0 5 59, C4<1100011>;
P_000000000289ed70 .param/l "i_type" 0 5 60, C4<0010011>;
P_000000000289eda8 .param/l "jal_inst" 0 5 57, C4<1101111>;
P_000000000289ede0 .param/l "jalr_inst" 0 5 58, C4<1100111>;
P_000000000289ee18 .param/l "load_inst" 0 5 63, C4<0000011>;
P_000000000289ee50 .param/l "lui_inst" 0 5 55, C4<0110111>;
P_000000000289ee88 .param/l "r_type" 0 5 62, C4<0110011>;
P_000000000289eec0 .param/l "s_type" 0 5 61, C4<0100011>;
L_0000000002959390 .functor OR 1, L_00000000029d6d70, L_00000000029d8490, C4<0>, C4<0>;
L_0000000002959240 .functor OR 1, L_00000000029d7630, L_00000000029d5f10, C4<0>, C4<0>;
L_00000000029592b0 .functor OR 1, L_00000000029d6050, L_00000000029d83f0, C4<0>, C4<0>;
L_0000000002958520 .functor BUFZ 3, L_00000000029d57e0, C4<000>, C4<000>, C4<000>;
L_0000000002958e50 .functor OR 1, L_00000000029d6190, L_00000000029d60f0, C4<0>, C4<0>;
L_0000000002958910 .functor OR 1, L_00000000029d8350, L_00000000029d7f90, C4<0>, C4<0>;
L_00000000029590f0 .functor OR 1, L_00000000029d7130, L_00000000029d6eb0, C4<0>, C4<0>;
L_0000000002958de0 .functor AND 1, L_00000000029d62d0, L_00000000029d8170, C4<1>, C4<1>;
L_0000000002958f30 .functor AND 1, L_00000000029d64b0, L_00000000029d76d0, C4<1>, C4<1>;
L_0000000002958830 .functor AND 1, L_00000000029d80d0, L_00000000029d7090, C4<1>, C4<1>;
L_0000000002959080 .functor AND 1, L_0000000002958830, L_00000000029d7590, C4<1>, C4<1>;
L_0000000002958b40 .functor OR 1, L_00000000029d6690, L_0000000002959080, C4<0>, C4<0>;
L_00000000029591d0 .functor OR 1, L_00000000029d7950, L_00000000029d6410, C4<0>, C4<0>;
L_0000000002959160 .functor AND 1, L_00000000029d79f0, L_00000000029591d0, C4<1>, C4<1>;
L_0000000002958980 .functor OR 1, L_00000000029d7450, L_00000000029d6550, C4<0>, C4<0>;
L_0000000002958bb0 .functor AND 1, L_00000000029d73b0, L_0000000002958980, C4<1>, C4<1>;
L_0000000002959320 .functor OR 1, L_00000000029d69b0, L_00000000029d65f0, C4<0>, C4<0>;
L_0000000002959400 .functor AND 1, L_00000000029d7770, L_0000000002959320, C4<1>, C4<1>;
L_00000000029589f0 .functor OR 1, L_00000000029d78b0, L_00000000029d6af0, C4<0>, C4<0>;
L_00000000029587c0 .functor AND 1, L_00000000029d7810, L_00000000029589f0, C4<1>, C4<1>;
L_0000000002958750 .functor OR 1, L_00000000029d8030, L_00000000029d7a90, C4<0>, C4<0>;
L_0000000002958a60 .functor AND 1, L_00000000029d6b90, L_0000000002958750, C4<1>, C4<1>;
L_0000000002958c90 .functor OR 1, L_00000000029d7b30, L_00000000029d7bd0, C4<0>, C4<0>;
L_00000000029135e0 .functor AND 1, L_00000000029d82b0, L_0000000002958c90, C4<1>, C4<1>;
L_0000000002a2acc0 .functor AND 1, L_00000000029d7c70, L_00000000029d7d10, C4<1>, C4<1>;
L_0000000002a2a940 .functor OR 1, L_00000000029d7db0, L_00000000029d7e50, C4<0>, C4<0>;
L_0000000002a2a240 .functor AND 1, L_0000000002a2acc0, L_0000000002a2a940, C4<1>, C4<1>;
L_0000000002a2a8d0 .functor AND 1, L_00000000029d7ef0, L_00000000029dab50, C4<1>, C4<1>;
L_0000000002a2b040 .functor OR 1, L_00000000029da1f0, L_00000000029da290, C4<0>, C4<0>;
L_0000000002a2afd0 .functor AND 1, L_0000000002a2a8d0, L_0000000002a2b040, C4<1>, C4<1>;
v00000000029c20c0_0 .net "ALU_op", 3 0, L_00000000029d8ad0;  alias, 1 drivers
L_00000000029ddce8 .functor BUFT 1, C4<0010111>, C4<0>, C4<0>, C4<0>;
v00000000029c1d00_0 .net/2u *"_s0", 6 0, L_00000000029ddce8;  1 drivers
L_00000000029ddd78 .functor BUFT 1, C4<0>, C4<0>, C4<0>, C4<0>;
v00000000029c2160_0 .net/2u *"_s10", 0 0, L_00000000029ddd78;  1 drivers
L_00000000029de3f0 .functor BUFT 1, C4<000>, C4<0>, C4<0>, C4<0>;
v00000000029c3060_0 .net/2u *"_s100", 2 0, L_00000000029de3f0;  1 drivers
v00000000029c3420_0 .net *"_s102", 2 0, L_00000000029d71d0;  1 drivers
v00000000029c1620_0 .net *"_s104", 2 0, L_00000000029d8210;  1 drivers
v00000000029c3740_0 .net *"_s106", 2 0, L_00000000029d6e10;  1 drivers
L_00000000029de438 .functor BUFT 1, C4<1101111>, C4<0>, C4<0>, C4<0>;
v00000000029c2b60_0 .net/2u *"_s110", 6 0, L_00000000029de438;  1 drivers
v00000000029c1ee0_0 .net *"_s112", 0 0, L_00000000029d7130;  1 drivers
L_00000000029de480 .functor BUFT 1, C4<1100111>, C4<0>, C4<0>, C4<0>;
v00000000029c27a0_0 .net/2u *"_s114", 6 0, L_00000000029de480;  1 drivers
v00000000029c3b00_0 .net *"_s116", 0 0, L_00000000029d6eb0;  1 drivers
v00000000029c2480_0 .net *"_s118", 0 0, L_00000000029590f0;  1 drivers
L_00000000029dddc0 .functor BUFT 1, C4<1>, C4<0>, C4<0>, C4<0>;
v00000000029c2c00_0 .net/2u *"_s12", 0 0, L_00000000029dddc0;  1 drivers
L_00000000029de4c8 .functor BUFT 1, C4<00>, C4<0>, C4<0>, C4<0>;
v00000000029c2f20_0 .net/2u *"_s120", 1 0, L_00000000029de4c8;  1 drivers
L_00000000029de510 .functor BUFT 1, C4<0110111>, C4<0>, C4<0>, C4<0>;
v00000000029c22a0_0 .net/2u *"_s122", 6 0, L_00000000029de510;  1 drivers
v00000000029c1940_0 .net *"_s124", 0 0, L_00000000029d6f50;  1 drivers
L_00000000029de558 .functor BUFT 1, C4<10>, C4<0>, C4<0>, C4<0>;
v00000000029c23e0_0 .net/2u *"_s126", 1 0, L_00000000029de558;  1 drivers
L_00000000029de5a0 .functor BUFT 1, C4<0000011>, C4<0>, C4<0>, C4<0>;
v00000000029c37e0_0 .net/2u *"_s128", 6 0, L_00000000029de5a0;  1 drivers
v00000000029c39c0_0 .net *"_s130", 0 0, L_00000000029d7310;  1 drivers
L_00000000029de5e8 .functor BUFT 1, C4<11>, C4<0>, C4<0>, C4<0>;
v00000000029c3100_0 .net/2u *"_s132", 1 0, L_00000000029de5e8;  1 drivers
L_00000000029de630 .functor BUFT 1, C4<01>, C4<0>, C4<0>, C4<0>;
v00000000029c1e40_0 .net/2u *"_s134", 1 0, L_00000000029de630;  1 drivers
v00000000029c2520_0 .net *"_s136", 1 0, L_00000000029d5d30;  1 drivers
v00000000029c25c0_0 .net *"_s138", 1 0, L_00000000029d6230;  1 drivers
L_00000000029de678 .functor BUFT 1, C4<0100011>, C4<0>, C4<0>, C4<0>;
v00000000029c2ca0_0 .net/2u *"_s142", 6 0, L_00000000029de678;  1 drivers
v00000000029c28e0_0 .net *"_s144", 0 0, L_00000000029d62d0;  1 drivers
L_00000000029de6c0 .functor BUFT 1, C4<000>, C4<0>, C4<0>, C4<0>;
v00000000029c2980_0 .net/2u *"_s146", 2 0, L_00000000029de6c0;  1 drivers
v00000000029c3ba0_0 .net *"_s148", 0 0, L_00000000029d8170;  1 drivers
v00000000029c32e0_0 .net *"_s150", 0 0, L_0000000002958de0;  1 drivers
L_00000000029de708 .functor BUFT 1, C4<00>, C4<0>, C4<0>, C4<0>;
v00000000029c3c40_0 .net/2u *"_s152", 1 0, L_00000000029de708;  1 drivers
L_00000000029de750 .functor BUFT 1, C4<0100011>, C4<0>, C4<0>, C4<0>;
v00000000029c1a80_0 .net/2u *"_s154", 6 0, L_00000000029de750;  1 drivers
v00000000029c3380_0 .net *"_s156", 0 0, L_00000000029d64b0;  1 drivers
L_00000000029de798 .functor BUFT 1, C4<001>, C4<0>, C4<0>, C4<0>;
v00000000029c1b20_0 .net/2u *"_s158", 2 0, L_00000000029de798;  1 drivers
L_00000000029dde08 .functor BUFT 1, C4<0110011>, C4<0>, C4<0>, C4<0>;
v00000000029c1da0_0 .net/2u *"_s16", 6 0, L_00000000029dde08;  1 drivers
v00000000029c3560_0 .net *"_s160", 0 0, L_00000000029d76d0;  1 drivers
v00000000029c1bc0_0 .net *"_s162", 0 0, L_0000000002958f30;  1 drivers
L_00000000029de7e0 .functor BUFT 1, C4<01>, C4<0>, C4<0>, C4<0>;
v00000000029c1f80_0 .net/2u *"_s164", 1 0, L_00000000029de7e0;  1 drivers
L_00000000029de828 .functor BUFT 1, C4<10>, C4<0>, C4<0>, C4<0>;
v00000000029c48c0_0 .net/2u *"_s166", 1 0, L_00000000029de828;  1 drivers
v00000000029c3e20_0 .net *"_s168", 1 0, L_00000000029d7270;  1 drivers
L_00000000029de870 .functor BUFT 1, C4<1100011>, C4<0>, C4<0>, C4<0>;
v00000000029c40a0_0 .net/2u *"_s172", 6 0, L_00000000029de870;  1 drivers
v00000000029c4960_0 .net *"_s174", 0 0, L_00000000029d6690;  1 drivers
L_00000000029de8b8 .functor BUFT 1, C4<0110011>, C4<0>, C4<0>, C4<0>;
v00000000029c4a00_0 .net/2u *"_s176", 6 0, L_00000000029de8b8;  1 drivers
v00000000029c5040_0 .net *"_s178", 0 0, L_00000000029d80d0;  1 drivers
v00000000029c4320_0 .net *"_s18", 0 0, L_00000000029d7630;  1 drivers
L_00000000029de900 .functor BUFT 1, C4<000>, C4<0>, C4<0>, C4<0>;
v00000000029c4aa0_0 .net/2u *"_s180", 2 0, L_00000000029de900;  1 drivers
v00000000029c4b40_0 .net *"_s182", 0 0, L_00000000029d7090;  1 drivers
v00000000029c4500_0 .net *"_s184", 0 0, L_0000000002958830;  1 drivers
L_00000000029de948 .functor BUFT 1, C4<0100000>, C4<0>, C4<0>, C4<0>;
v00000000029c45a0_0 .net/2u *"_s186", 6 0, L_00000000029de948;  1 drivers
v00000000029c4640_0 .net *"_s188", 0 0, L_00000000029d7590;  1 drivers
v00000000029c46e0_0 .net *"_s190", 0 0, L_0000000002959080;  1 drivers
v00000000029c3ec0_0 .net *"_s192", 0 0, L_0000000002958b40;  1 drivers
L_00000000029de990 .functor BUFT 1, C4<0010>, C4<0>, C4<0>, C4<0>;
v00000000029c4780_0 .net/2u *"_s194", 3 0, L_00000000029de990;  1 drivers
L_00000000029de9d8 .functor BUFT 1, C4<111>, C4<0>, C4<0>, C4<0>;
v00000000029c4140_0 .net/2u *"_s196", 2 0, L_00000000029de9d8;  1 drivers
v00000000029c5360_0 .net *"_s198", 0 0, L_00000000029d79f0;  1 drivers
v00000000029c4820_0 .net *"_s2", 0 0, L_00000000029d6d70;  1 drivers
L_00000000029dde50 .functor BUFT 1, C4<1100011>, C4<0>, C4<0>, C4<0>;
v00000000029c50e0_0 .net/2u *"_s20", 6 0, L_00000000029dde50;  1 drivers
L_00000000029dea20 .functor BUFT 1, C4<0110011>, C4<0>, C4<0>, C4<0>;
v00000000029c4be0_0 .net/2u *"_s200", 6 0, L_00000000029dea20;  1 drivers
v00000000029c3ce0_0 .net *"_s202", 0 0, L_00000000029d7950;  1 drivers
L_00000000029dea68 .functor BUFT 1, C4<0010011>, C4<0>, C4<0>, C4<0>;
v00000000029c3d80_0 .net/2u *"_s204", 6 0, L_00000000029dea68;  1 drivers
v00000000029c4fa0_0 .net *"_s206", 0 0, L_00000000029d6410;  1 drivers
v00000000029c4c80_0 .net *"_s208", 0 0, L_00000000029591d0;  1 drivers
v00000000029c4000_0 .net *"_s210", 0 0, L_0000000002959160;  1 drivers
L_00000000029deab0 .functor BUFT 1, C4<0011>, C4<0>, C4<0>, C4<0>;
v00000000029c4d20_0 .net/2u *"_s212", 3 0, L_00000000029deab0;  1 drivers
L_00000000029deaf8 .functor BUFT 1, C4<110>, C4<0>, C4<0>, C4<0>;
v00000000029c3f60_0 .net/2u *"_s214", 2 0, L_00000000029deaf8;  1 drivers
v00000000029c41e0_0 .net *"_s216", 0 0, L_00000000029d73b0;  1 drivers
L_00000000029deb40 .functor BUFT 1, C4<0110011>, C4<0>, C4<0>, C4<0>;
v00000000029c4dc0_0 .net/2u *"_s218", 6 0, L_00000000029deb40;  1 drivers
v00000000029c4f00_0 .net *"_s22", 0 0, L_00000000029d5f10;  1 drivers
v00000000029c4e60_0 .net *"_s220", 0 0, L_00000000029d7450;  1 drivers
L_00000000029deb88 .functor BUFT 1, C4<0010011>, C4<0>, C4<0>, C4<0>;
v00000000029c52c0_0 .net/2u *"_s222", 6 0, L_00000000029deb88;  1 drivers
v00000000029c4280_0 .net *"_s224", 0 0, L_00000000029d6550;  1 drivers
v00000000029c43c0_0 .net *"_s226", 0 0, L_0000000002958980;  1 drivers
v00000000029c5180_0 .net *"_s228", 0 0, L_0000000002958bb0;  1 drivers
L_00000000029debd0 .functor BUFT 1, C4<0100>, C4<0>, C4<0>, C4<0>;
v00000000029c5220_0 .net/2u *"_s230", 3 0, L_00000000029debd0;  1 drivers
L_00000000029dec18 .functor BUFT 1, C4<100>, C4<0>, C4<0>, C4<0>;
v00000000029c4460_0 .net/2u *"_s232", 2 0, L_00000000029dec18;  1 drivers
v00000000029cea40_0 .net *"_s234", 0 0, L_00000000029d7770;  1 drivers
L_00000000029dec60 .functor BUFT 1, C4<0110011>, C4<0>, C4<0>, C4<0>;
v00000000029cd960_0 .net/2u *"_s236", 6 0, L_00000000029dec60;  1 drivers
v00000000029ce360_0 .net *"_s238", 0 0, L_00000000029d69b0;  1 drivers
v00000000029cf940_0 .net *"_s24", 0 0, L_0000000002959240;  1 drivers
L_00000000029deca8 .functor BUFT 1, C4<0010011>, C4<0>, C4<0>, C4<0>;
v00000000029cdc80_0 .net/2u *"_s240", 6 0, L_00000000029deca8;  1 drivers
v00000000029ced60_0 .net *"_s242", 0 0, L_00000000029d65f0;  1 drivers
v00000000029ce680_0 .net *"_s244", 0 0, L_0000000002959320;  1 drivers
v00000000029ce720_0 .net *"_s246", 0 0, L_0000000002959400;  1 drivers
L_00000000029decf0 .functor BUFT 1, C4<0101>, C4<0>, C4<0>, C4<0>;
v00000000029cd8c0_0 .net/2u *"_s248", 3 0, L_00000000029decf0;  1 drivers
L_00000000029ded38 .functor BUFT 1, C4<010>, C4<0>, C4<0>, C4<0>;
v00000000029cf3a0_0 .net/2u *"_s250", 2 0, L_00000000029ded38;  1 drivers
v00000000029ceae0_0 .net *"_s252", 0 0, L_00000000029d7810;  1 drivers
L_00000000029ded80 .functor BUFT 1, C4<0110011>, C4<0>, C4<0>, C4<0>;
v00000000029cda00_0 .net/2u *"_s254", 6 0, L_00000000029ded80;  1 drivers
v00000000029cf800_0 .net *"_s256", 0 0, L_00000000029d78b0;  1 drivers
L_00000000029dedc8 .functor BUFT 1, C4<0010011>, C4<0>, C4<0>, C4<0>;
v00000000029ce7c0_0 .net/2u *"_s258", 6 0, L_00000000029dedc8;  1 drivers
L_00000000029dde98 .functor BUFT 1, C4<0>, C4<0>, C4<0>, C4<0>;
v00000000029cd780_0 .net/2u *"_s26", 0 0, L_00000000029dde98;  1 drivers
v00000000029cf260_0 .net *"_s260", 0 0, L_00000000029d6af0;  1 drivers
v00000000029cd820_0 .net *"_s262", 0 0, L_00000000029589f0;  1 drivers
v00000000029cec20_0 .net *"_s264", 0 0, L_00000000029587c0;  1 drivers
L_00000000029dee10 .functor BUFT 1, C4<0110>, C4<0>, C4<0>, C4<0>;
v00000000029cee00_0 .net/2u *"_s266", 3 0, L_00000000029dee10;  1 drivers
L_00000000029dee58 .functor BUFT 1, C4<011>, C4<0>, C4<0>, C4<0>;
v00000000029ceb80_0 .net/2u *"_s268", 2 0, L_00000000029dee58;  1 drivers
v00000000029cecc0_0 .net *"_s270", 0 0, L_00000000029d6b90;  1 drivers
L_00000000029deea0 .functor BUFT 1, C4<0110011>, C4<0>, C4<0>, C4<0>;
v00000000029cd500_0 .net/2u *"_s272", 6 0, L_00000000029deea0;  1 drivers
v00000000029ceea0_0 .net *"_s274", 0 0, L_00000000029d8030;  1 drivers
L_00000000029deee8 .functor BUFT 1, C4<0010011>, C4<0>, C4<0>, C4<0>;
v00000000029cefe0_0 .net/2u *"_s276", 6 0, L_00000000029deee8;  1 drivers
v00000000029cdaa0_0 .net *"_s278", 0 0, L_00000000029d7a90;  1 drivers
L_00000000029ddee0 .functor BUFT 1, C4<1>, C4<0>, C4<0>, C4<0>;
v00000000029cef40_0 .net/2u *"_s28", 0 0, L_00000000029ddee0;  1 drivers
v00000000029ce860_0 .net *"_s280", 0 0, L_0000000002958750;  1 drivers
v00000000029cdb40_0 .net *"_s282", 0 0, L_0000000002958a60;  1 drivers
L_00000000029def30 .functor BUFT 1, C4<0111>, C4<0>, C4<0>, C4<0>;
v00000000029ce540_0 .net/2u *"_s284", 3 0, L_00000000029def30;  1 drivers
L_00000000029def78 .functor BUFT 1, C4<001>, C4<0>, C4<0>, C4<0>;
v00000000029cf1c0_0 .net/2u *"_s286", 2 0, L_00000000029def78;  1 drivers
v00000000029cfc60_0 .net *"_s288", 0 0, L_00000000029d82b0;  1 drivers
L_00000000029defc0 .functor BUFT 1, C4<0110011>, C4<0>, C4<0>, C4<0>;
v00000000029ce400_0 .net/2u *"_s290", 6 0, L_00000000029defc0;  1 drivers
v00000000029cfbc0_0 .net *"_s292", 0 0, L_00000000029d7b30;  1 drivers
L_00000000029df008 .functor BUFT 1, C4<0010011>, C4<0>, C4<0>, C4<0>;
v00000000029cf8a0_0 .net/2u *"_s294", 6 0, L_00000000029df008;  1 drivers
v00000000029cf120_0 .net *"_s296", 0 0, L_00000000029d7bd0;  1 drivers
v00000000029ce4a0_0 .net *"_s298", 0 0, L_0000000002958c90;  1 drivers
v00000000029cf080_0 .net *"_s300", 0 0, L_00000000029135e0;  1 drivers
L_00000000029df050 .functor BUFT 1, C4<1000>, C4<0>, C4<0>, C4<0>;
v00000000029ce900_0 .net/2u *"_s302", 3 0, L_00000000029df050;  1 drivers
L_00000000029df098 .functor BUFT 1, C4<101>, C4<0>, C4<0>, C4<0>;
v00000000029cf300_0 .net/2u *"_s304", 2 0, L_00000000029df098;  1 drivers
v00000000029cf440_0 .net *"_s306", 0 0, L_00000000029d7c70;  1 drivers
L_00000000029df0e0 .functor BUFT 1, C4<0000000>, C4<0>, C4<0>, C4<0>;
v00000000029cf4e0_0 .net/2u *"_s308", 6 0, L_00000000029df0e0;  1 drivers
v00000000029cd6e0_0 .net *"_s310", 0 0, L_00000000029d7d10;  1 drivers
v00000000029cdbe0_0 .net *"_s312", 0 0, L_0000000002a2acc0;  1 drivers
L_00000000029df128 .functor BUFT 1, C4<0110011>, C4<0>, C4<0>, C4<0>;
v00000000029cf760_0 .net/2u *"_s314", 6 0, L_00000000029df128;  1 drivers
v00000000029ce040_0 .net *"_s316", 0 0, L_00000000029d7db0;  1 drivers
L_00000000029df170 .functor BUFT 1, C4<0010011>, C4<0>, C4<0>, C4<0>;
v00000000029cdd20_0 .net/2u *"_s318", 6 0, L_00000000029df170;  1 drivers
L_00000000029ddf28 .functor BUFT 1, C4<0100011>, C4<0>, C4<0>, C4<0>;
v00000000029ce5e0_0 .net/2u *"_s32", 6 0, L_00000000029ddf28;  1 drivers
v00000000029cf580_0 .net *"_s320", 0 0, L_00000000029d7e50;  1 drivers
v00000000029cde60_0 .net *"_s322", 0 0, L_0000000002a2a940;  1 drivers
v00000000029cf620_0 .net *"_s324", 0 0, L_0000000002a2a240;  1 drivers
L_00000000029df1b8 .functor BUFT 1, C4<1001>, C4<0>, C4<0>, C4<0>;
v00000000029ce0e0_0 .net/2u *"_s326", 3 0, L_00000000029df1b8;  1 drivers
L_00000000029df200 .functor BUFT 1, C4<101>, C4<0>, C4<0>, C4<0>;
v00000000029ce220_0 .net/2u *"_s328", 2 0, L_00000000029df200;  1 drivers
v00000000029cddc0_0 .net *"_s330", 0 0, L_00000000029d7ef0;  1 drivers
L_00000000029df248 .functor BUFT 1, C4<0100000>, C4<0>, C4<0>, C4<0>;
v00000000029cd5a0_0 .net/2u *"_s332", 6 0, L_00000000029df248;  1 drivers
v00000000029cfb20_0 .net *"_s334", 0 0, L_00000000029dab50;  1 drivers
v00000000029cd640_0 .net *"_s336", 0 0, L_0000000002a2a8d0;  1 drivers
L_00000000029df290 .functor BUFT 1, C4<0110011>, C4<0>, C4<0>, C4<0>;
v00000000029cf6c0_0 .net/2u *"_s338", 6 0, L_00000000029df290;  1 drivers
v00000000029cdf00_0 .net *"_s34", 0 0, L_00000000029d6c30;  1 drivers
v00000000029cdfa0_0 .net *"_s340", 0 0, L_00000000029da1f0;  1 drivers
L_00000000029df2d8 .functor BUFT 1, C4<0010011>, C4<0>, C4<0>, C4<0>;
v00000000029ce9a0_0 .net/2u *"_s342", 6 0, L_00000000029df2d8;  1 drivers
v00000000029cf9e0_0 .net *"_s344", 0 0, L_00000000029da290;  1 drivers
v00000000029cfa80_0 .net *"_s346", 0 0, L_0000000002a2b040;  1 drivers
v00000000029ce180_0 .net *"_s348", 0 0, L_0000000002a2afd0;  1 drivers
L_00000000029df320 .functor BUFT 1, C4<1010>, C4<0>, C4<0>, C4<0>;
v00000000029ce2c0_0 .net/2u *"_s350", 3 0, L_00000000029df320;  1 drivers
L_00000000029df368 .functor BUFT 1, C4<0001>, C4<0>, C4<0>, C4<0>;
v00000000029d0200_0 .net/2u *"_s352", 3 0, L_00000000029df368;  1 drivers
v00000000029d0e80_0 .net *"_s354", 3 0, L_00000000029d9430;  1 drivers
v00000000029d0a20_0 .net *"_s356", 3 0, L_00000000029d9250;  1 drivers
v00000000029d0c00_0 .net *"_s358", 3 0, L_00000000029da010;  1 drivers
v00000000029d0340_0 .net *"_s360", 3 0, L_00000000029d9890;  1 drivers
v00000000029d0b60_0 .net *"_s362", 3 0, L_00000000029d8990;  1 drivers
v00000000029cfd00_0 .net *"_s364", 3 0, L_00000000029d8a30;  1 drivers
v00000000029d1380_0 .net *"_s366", 3 0, L_00000000029d9110;  1 drivers
v00000000029d0d40_0 .net *"_s368", 3 0, L_00000000029d8d50;  1 drivers
v00000000029d0f20_0 .net *"_s37", 0 0, L_00000000029d6a50;  1 drivers
L_00000000029ddf70 .functor BUFT 1, C4<0>, C4<0>, C4<0>, C4<0>;
v00000000029d0160_0 .net/2u *"_s38", 0 0, L_00000000029ddf70;  1 drivers
L_00000000029ddd30 .functor BUFT 1, C4<1101111>, C4<0>, C4<0>, C4<0>;
v00000000029d0840_0 .net/2u *"_s4", 6 0, L_00000000029ddd30;  1 drivers
L_00000000029ddfb8 .functor BUFT 1, C4<1>, C4<0>, C4<0>, C4<0>;
v00000000029d0ca0_0 .net/2u *"_s40", 0 0, L_00000000029ddfb8;  1 drivers
L_00000000029de000 .functor BUFT 1, C4<0100011>, C4<0>, C4<0>, C4<0>;
v00000000029d0fc0_0 .net/2u *"_s44", 6 0, L_00000000029de000;  1 drivers
v00000000029d1060_0 .net *"_s46", 0 0, L_00000000029d6050;  1 drivers
L_00000000029de048 .functor BUFT 1, C4<1100011>, C4<0>, C4<0>, C4<0>;
v00000000029d08e0_0 .net/2u *"_s48", 6 0, L_00000000029de048;  1 drivers
v00000000029cfda0_0 .net *"_s50", 0 0, L_00000000029d83f0;  1 drivers
v00000000029d0700_0 .net *"_s52", 0 0, L_00000000029592b0;  1 drivers
v00000000029d0de0_0 .net *"_s55", 0 0, L_00000000029d67d0;  1 drivers
L_00000000029de090 .functor BUFT 1, C4<1>, C4<0>, C4<0>, C4<0>;
v00000000029cfee0_0 .net/2u *"_s56", 0 0, L_00000000029de090;  1 drivers
L_00000000029de0d8 .functor BUFT 1, C4<0>, C4<0>, C4<0>, C4<0>;
v00000000029d00c0_0 .net/2u *"_s58", 0 0, L_00000000029de0d8;  1 drivers
v00000000029d02a0_0 .net *"_s6", 0 0, L_00000000029d8490;  1 drivers
L_00000000029de120 .functor BUFT 1, C4<1101111>, C4<0>, C4<0>, C4<0>;
v00000000029d0ac0_0 .net/2u *"_s64", 6 0, L_00000000029de120;  1 drivers
v00000000029cff80_0 .net *"_s66", 0 0, L_00000000029d6190;  1 drivers
L_00000000029de168 .functor BUFT 1, C4<1100111>, C4<0>, C4<0>, C4<0>;
v00000000029d11a0_0 .net/2u *"_s68", 6 0, L_00000000029de168;  1 drivers
v00000000029d1240_0 .net *"_s70", 0 0, L_00000000029d60f0;  1 drivers
v00000000029d1100_0 .net *"_s72", 0 0, L_0000000002958e50;  1 drivers
L_00000000029de1b0 .functor BUFT 1, C4<100>, C4<0>, C4<0>, C4<0>;
v00000000029d12e0_0 .net/2u *"_s74", 2 0, L_00000000029de1b0;  1 drivers
L_00000000029de1f8 .functor BUFT 1, C4<1100011>, C4<0>, C4<0>, C4<0>;
v00000000029cfe40_0 .net/2u *"_s76", 6 0, L_00000000029de1f8;  1 drivers
v00000000029d0020_0 .net *"_s78", 0 0, L_00000000029d6910;  1 drivers
v00000000029d03e0_0 .net *"_s8", 0 0, L_0000000002959390;  1 drivers
L_00000000029de240 .functor BUFT 1, C4<011>, C4<0>, C4<0>, C4<0>;
v00000000029d0480_0 .net/2u *"_s80", 2 0, L_00000000029de240;  1 drivers
L_00000000029de288 .functor BUFT 1, C4<0110111>, C4<0>, C4<0>, C4<0>;
v00000000029d0520_0 .net/2u *"_s82", 6 0, L_00000000029de288;  1 drivers
v00000000029d0980_0 .net *"_s84", 0 0, L_00000000029d8350;  1 drivers
L_00000000029de2d0 .functor BUFT 1, C4<0010111>, C4<0>, C4<0>, C4<0>;
v00000000029d05c0_0 .net/2u *"_s86", 6 0, L_00000000029de2d0;  1 drivers
v00000000029d0660_0 .net *"_s88", 0 0, L_00000000029d7f90;  1 drivers
v00000000029d07a0_0 .net *"_s90", 0 0, L_0000000002958910;  1 drivers
L_00000000029de318 .functor BUFT 1, C4<010>, C4<0>, C4<0>, C4<0>;
v00000000029d2cc0_0 .net/2u *"_s92", 2 0, L_00000000029de318;  1 drivers
L_00000000029de360 .functor BUFT 1, C4<0100011>, C4<0>, C4<0>, C4<0>;
v00000000029d3620_0 .net/2u *"_s94", 6 0, L_00000000029de360;  1 drivers
v00000000029d4480_0 .net *"_s96", 0 0, L_00000000029d5e70;  1 drivers
L_00000000029de3a8 .functor BUFT 1, C4<001>, C4<0>, C4<0>, C4<0>;
v00000000029d3940_0 .net/2u *"_s98", 2 0, L_00000000029de3a8;  1 drivers
v00000000029d2e00_0 .net "dm_select", 2 0, L_0000000002958520;  alias, 1 drivers
v00000000029d4340_0 .net "funct3", 2 0, L_00000000029d57e0;  alias, 1 drivers
v00000000029d3260_0 .net "funct7", 6 0, L_00000000029d5880;  alias, 1 drivers
v00000000029d1f00_0 .net "imm_select", 2 0, L_00000000029d6ff0;  alias, 1 drivers
v00000000029d2900_0 .net "is_stype", 0 0, L_00000000029d5fb0;  alias, 1 drivers
v00000000029d22c0_0 .net "opcode", 6 0, L_00000000029d5740;  alias, 1 drivers
v00000000029d3120_0 .net "sel_data", 1 0, L_00000000029d5dd0;  alias, 1 drivers
v00000000029d3580_0 .net "sel_opA", 0 0, L_00000000029d74f0;  alias, 1 drivers
v00000000029d43e0_0 .net "sel_opB", 0 0, L_00000000029d6cd0;  alias, 1 drivers
v00000000029d39e0_0 .net "store_select", 1 0, L_00000000029d6370;  alias, 1 drivers
v00000000029d4160_0 .net "wr_en", 0 0, L_00000000029d6870;  alias, 1 drivers
L_00000000029d6d70 .cmp/eq 7, L_00000000029d5740, L_00000000029ddce8;
L_00000000029d8490 .cmp/eq 7, L_00000000029d5740, L_00000000029ddd30;
L_00000000029d74f0 .functor MUXZ 1, L_00000000029dddc0, L_00000000029ddd78, L_0000000002959390, C4<>;
L_00000000029d7630 .cmp/eq 7, L_00000000029d5740, L_00000000029dde08;
L_00000000029d5f10 .cmp/eq 7, L_00000000029d5740, L_00000000029dde50;
L_00000000029d6cd0 .functor MUXZ 1, L_00000000029ddee0, L_00000000029dde98, L_0000000002959240, C4<>;
L_00000000029d6c30 .cmp/eq 7, L_00000000029d5740, L_00000000029ddf28;
L_00000000029d6a50 .reduce/nor L_00000000029d6c30;
L_00000000029d5fb0 .functor MUXZ 1, L_00000000029ddfb8, L_00000000029ddf70, L_00000000029d6a50, C4<>;
L_00000000029d6050 .cmp/eq 7, L_00000000029d5740, L_00000000029de000;
L_00000000029d83f0 .cmp/eq 7, L_00000000029d5740, L_00000000029de048;
L_00000000029d67d0 .reduce/nor L_00000000029592b0;
L_00000000029d6870 .functor MUXZ 1, L_00000000029de0d8, L_00000000029de090, L_00000000029d67d0, C4<>;
L_00000000029d6190 .cmp/eq 7, L_00000000029d5740, L_00000000029de120;
L_00000000029d60f0 .cmp/eq 7, L_00000000029d5740, L_00000000029de168;
L_00000000029d6910 .cmp/eq 7, L_00000000029d5740, L_00000000029de1f8;
L_00000000029d8350 .cmp/eq 7, L_00000000029d5740, L_00000000029de288;
L_00000000029d7f90 .cmp/eq 7, L_00000000029d5740, L_00000000029de2d0;
L_00000000029d5e70 .cmp/eq 7, L_00000000029d5740, L_00000000029de360;
L_00000000029d71d0 .functor MUXZ 3, L_00000000029de3f0, L_00000000029de3a8, L_00000000029d5e70, C4<>;
L_00000000029d8210 .functor MUXZ 3, L_00000000029d71d0, L_00000000029de318, L_0000000002958910, C4<>;
L_00000000029d6e10 .functor MUXZ 3, L_00000000029d8210, L_00000000029de240, L_00000000029d6910, C4<>;
L_00000000029d6ff0 .functor MUXZ 3, L_00000000029d6e10, L_00000000029de1b0, L_0000000002958e50, C4<>;
L_00000000029d7130 .cmp/eq 7, L_00000000029d5740, L_00000000029de438;
L_00000000029d6eb0 .cmp/eq 7, L_00000000029d5740, L_00000000029de480;
L_00000000029d6f50 .cmp/eq 7, L_00000000029d5740, L_00000000029de510;
L_00000000029d7310 .cmp/eq 7, L_00000000029d5740, L_00000000029de5a0;
L_00000000029d5d30 .functor MUXZ 2, L_00000000029de630, L_00000000029de5e8, L_00000000029d7310, C4<>;
L_00000000029d6230 .functor MUXZ 2, L_00000000029d5d30, L_00000000029de558, L_00000000029d6f50, C4<>;
L_00000000029d5dd0 .functor MUXZ 2, L_00000000029d6230, L_00000000029de4c8, L_00000000029590f0, C4<>;
L_00000000029d62d0 .cmp/eq 7, L_00000000029d5740, L_00000000029de678;
L_00000000029d8170 .cmp/eq 3, L_00000000029d57e0, L_00000000029de6c0;
L_00000000029d64b0 .cmp/eq 7, L_00000000029d5740, L_00000000029de750;
L_00000000029d76d0 .cmp/eq 3, L_00000000029d57e0, L_00000000029de798;
L_00000000029d7270 .functor MUXZ 2, L_00000000029de828, L_00000000029de7e0, L_0000000002958f30, C4<>;
L_00000000029d6370 .functor MUXZ 2, L_00000000029d7270, L_00000000029de708, L_0000000002958de0, C4<>;
L_00000000029d6690 .cmp/eq 7, L_00000000029d5740, L_00000000029de870;
L_00000000029d80d0 .cmp/eq 7, L_00000000029d5740, L_00000000029de8b8;
L_00000000029d7090 .cmp/eq 3, L_00000000029d57e0, L_00000000029de900;
L_00000000029d7590 .cmp/eq 7, L_00000000029d5880, L_00000000029de948;
L_00000000029d79f0 .cmp/eq 3, L_00000000029d57e0, L_00000000029de9d8;
L_00000000029d7950 .cmp/eq 7, L_00000000029d5740, L_00000000029dea20;
L_00000000029d6410 .cmp/eq 7, L_00000000029d5740, L_00000000029dea68;
L_00000000029d73b0 .cmp/eq 3, L_00000000029d57e0, L_00000000029deaf8;
L_00000000029d7450 .cmp/eq 7, L_00000000029d5740, L_00000000029deb40;
L_00000000029d6550 .cmp/eq 7, L_00000000029d5740, L_00000000029deb88;
L_00000000029d7770 .cmp/eq 3, L_00000000029d57e0, L_00000000029dec18;
L_00000000029d69b0 .cmp/eq 7, L_00000000029d5740, L_00000000029dec60;
L_00000000029d65f0 .cmp/eq 7, L_00000000029d5740, L_00000000029deca8;
L_00000000029d7810 .cmp/eq 3, L_00000000029d57e0, L_00000000029ded38;
L_00000000029d78b0 .cmp/eq 7, L_00000000029d5740, L_00000000029ded80;
L_00000000029d6af0 .cmp/eq 7, L_00000000029d5740, L_00000000029dedc8;
L_00000000029d6b90 .cmp/eq 3, L_00000000029d57e0, L_00000000029dee58;
L_00000000029d8030 .cmp/eq 7, L_00000000029d5740, L_00000000029deea0;
L_00000000029d7a90 .cmp/eq 7, L_00000000029d5740, L_00000000029deee8;
L_00000000029d82b0 .cmp/eq 3, L_00000000029d57e0, L_00000000029def78;
L_00000000029d7b30 .cmp/eq 7, L_00000000029d5740, L_00000000029defc0;
L_00000000029d7bd0 .cmp/eq 7, L_00000000029d5740, L_00000000029df008;
L_00000000029d7c70 .cmp/eq 3, L_00000000029d57e0, L_00000000029df098;
L_00000000029d7d10 .cmp/eq 7, L_00000000029d5880, L_00000000029df0e0;
L_00000000029d7db0 .cmp/eq 7, L_00000000029d5740, L_00000000029df128;
L_00000000029d7e50 .cmp/eq 7, L_00000000029d5740, L_00000000029df170;
L_00000000029d7ef0 .cmp/eq 3, L_00000000029d57e0, L_00000000029df200;
L_00000000029dab50 .cmp/eq 7, L_00000000029d5880, L_00000000029df248;
L_00000000029da1f0 .cmp/eq 7, L_00000000029d5740, L_00000000029df290;
L_00000000029da290 .cmp/eq 7, L_00000000029d5740, L_00000000029df2d8;
L_00000000029d9430 .functor MUXZ 4, L_00000000029df368, L_00000000029df320, L_0000000002a2afd0, C4<>;
L_00000000029d9250 .functor MUXZ 4, L_00000000029d9430, L_00000000029df1b8, L_0000000002a2a240, C4<>;
L_00000000029da010 .functor MUXZ 4, L_00000000029d9250, L_00000000029df050, L_00000000029135e0, C4<>;
L_00000000029d9890 .functor MUXZ 4, L_00000000029da010, L_00000000029def30, L_0000000002958a60, C4<>;
L_00000000029d8990 .functor MUXZ 4, L_00000000029d9890, L_00000000029dee10, L_00000000029587c0, C4<>;
L_00000000029d8a30 .functor MUXZ 4, L_00000000029d8990, L_00000000029decf0, L_0000000002959400, C4<>;
L_00000000029d9110 .functor MUXZ 4, L_00000000029d8a30, L_00000000029debd0, L_0000000002958bb0, C4<>;
L_00000000029d8d50 .functor MUXZ 4, L_00000000029d9110, L_00000000029deab0, L_0000000002959160, C4<>;
L_00000000029d8ad0 .functor MUXZ 4, L_00000000029d8d50, L_00000000029de990, L_0000000002958b40, C4<>;
S_000000000289ef00 .scope module, "SHIFTSIGNSHUFF" "shiftsignshuff" 4 78, 6 15 0, S_000000000288f1d0;
 .timescale -9 -12;
    .port_info 0 /INPUT 3 "imm_select"
    .port_info 1 /INPUT 25 "inst"
    .port_info 2 /OUTPUT 32 "imm"
P_000000000294ee90 .param/l "BTYPE" 0 6 36, C4<011>;
P_000000000294eec8 .param/l "ITYPE" 0 6 33, C4<000>;
P_000000000294ef00 .param/l "JTYPE" 0 6 37, C4<100>;
P_000000000294ef38 .param/l "STYPE" 0 6 34, C4<001>;
P_000000000294ef70 .param/l "UTYPE" 0 6 35, C4<010>;
v00000000029d2360_0 .net "Btype_imm", 31 0, L_00000000029daa10;  1 drivers
v00000000029d1fa0_0 .net "Itype_imm", 31 0, L_00000000029d9070;  1 drivers
v00000000029d3760_0 .net "Jtype_imm", 31 0, L_00000000029d9bb0;  1 drivers
v00000000029d3300_0 .net "Stype_imm", 31 0, L_00000000029da650;  1 drivers
v00000000029d29a0_0 .net "Utype_imm", 31 0, L_00000000029dac90;  1 drivers
v00000000029d33a0_0 .net *"_s1", 0 0, L_00000000029da470;  1 drivers
v00000000029d3e40_0 .net *"_s10", 19 0, L_00000000029dabf0;  1 drivers
v00000000029d25e0_0 .net *"_s13", 6 0, L_00000000029da510;  1 drivers
v00000000029d1d20_0 .net *"_s15", 4 0, L_00000000029d8670;  1 drivers
v00000000029d2400_0 .net *"_s19", 19 0, L_00000000029da5b0;  1 drivers
v00000000029d40c0_0 .net *"_s2", 19 0, L_00000000029d8530;  1 drivers
L_00000000029df3b0 .functor BUFT 1, C4<000000000000>, C4<0>, C4<0>, C4<0>;
v00000000029d2d60_0 .net/2u *"_s20", 11 0, L_00000000029df3b0;  1 drivers
v00000000029d3a80_0 .net *"_s25", 0 0, L_00000000029d8710;  1 drivers
v00000000029d1dc0_0 .net *"_s26", 18 0, L_00000000029d8b70;  1 drivers
v00000000029d3ee0_0 .net *"_s29", 0 0, L_00000000029d91b0;  1 drivers
v00000000029d20e0_0 .net *"_s31", 0 0, L_00000000029da790;  1 drivers
v00000000029d3440_0 .net *"_s33", 5 0, L_00000000029da6f0;  1 drivers
v00000000029d2860_0 .net *"_s35", 3 0, L_00000000029d9d90;  1 drivers
L_00000000029df3f8 .functor BUFT 1, C4<0>, C4<0>, C4<0>, C4<0>;
v00000000029d2fe0_0 .net/2u *"_s36", 0 0, L_00000000029df3f8;  1 drivers
v00000000029d3800_0 .net *"_s41", 0 0, L_00000000029d92f0;  1 drivers
v00000000029d36c0_0 .net *"_s42", 10 0, L_00000000029d8c10;  1 drivers
v00000000029d38a0_0 .net *"_s45", 0 0, L_00000000029d9930;  1 drivers
v00000000029d2c20_0 .net *"_s47", 7 0, L_00000000029d8f30;  1 drivers
v00000000029d3f80_0 .net *"_s49", 0 0, L_00000000029d94d0;  1 drivers
v00000000029d2a40_0 .net *"_s5", 11 0, L_00000000029d9b10;  1 drivers
v00000000029d4020_0 .net *"_s51", 9 0, L_00000000029d9a70;  1 drivers
L_00000000029df440 .functor BUFT 1, C4<0>, C4<0>, C4<0>, C4<0>;
v00000000029d4200_0 .net/2u *"_s52", 0 0, L_00000000029df440;  1 drivers
v00000000029d42a0_0 .net *"_s9", 0 0, L_00000000029d85d0;  1 drivers
v00000000029d3b20_0 .var "imm", 31 0;
v00000000029d2540_0 .net "imm_select", 2 0, L_00000000029d6ff0;  alias, 1 drivers
v00000000029d2680_0 .net "inst", 24 0, L_00000000029d87b0;  1 drivers
E_0000000002945a60/0 .event edge, v00000000029d1f00_0, v00000000029d3300_0, v00000000029d29a0_0, v00000000029d2360_0;
E_0000000002945a60/1 .event edge, v00000000029d3760_0, v00000000029d1fa0_0;
E_0000000002945a60 .event/or E_0000000002945a60/0, E_0000000002945a60/1;
L_00000000029da470 .part L_00000000029d87b0, 24, 1;
LS_00000000029d8530_0_0 .concat [ 1 1 1 1], L_00000000029da470, L_00000000029da470, L_00000000029da470, L_00000000029da470;
LS_00000000029d8530_0_4 .concat [ 1 1 1 1], L_00000000029da470, L_00000000029da470, L_00000000029da470, L_00000000029da470;
LS_00000000029d8530_0_8 .concat [ 1 1 1 1], L_00000000029da470, L_00000000029da470, L_00000000029da470, L_00000000029da470;
LS_00000000029d8530_0_12 .concat [ 1 1 1 1], L_00000000029da470, L_00000000029da470, L_00000000029da470, L_00000000029da470;
LS_00000000029d8530_0_16 .concat [ 1 1 1 1], L_00000000029da470, L_00000000029da470, L_00000000029da470, L_00000000029da470;
LS_00000000029d8530_1_0 .concat [ 4 4 4 4], LS_00000000029d8530_0_0, LS_00000000029d8530_0_4, LS_00000000029d8530_0_8, LS_00000000029d8530_0_12;
LS_00000000029d8530_1_4 .concat [ 4 0 0 0], LS_00000000029d8530_0_16;
L_00000000029d8530 .concat [ 16 4 0 0], LS_00000000029d8530_1_0, LS_00000000029d8530_1_4;
L_00000000029d9b10 .part L_00000000029d87b0, 13, 12;
L_00000000029d9070 .concat [ 12 20 0 0], L_00000000029d9b10, L_00000000029d8530;
L_00000000029d85d0 .part L_00000000029d87b0, 24, 1;
LS_00000000029dabf0_0_0 .concat [ 1 1 1 1], L_00000000029d85d0, L_00000000029d85d0, L_00000000029d85d0, L_00000000029d85d0;
LS_00000000029dabf0_0_4 .concat [ 1 1 1 1], L_00000000029d85d0, L_00000000029d85d0, L_00000000029d85d0, L_00000000029d85d0;
LS_00000000029dabf0_0_8 .concat [ 1 1 1 1], L_00000000029d85d0, L_00000000029d85d0, L_00000000029d85d0, L_00000000029d85d0;
LS_00000000029dabf0_0_12 .concat [ 1 1 1 1], L_00000000029d85d0, L_00000000029d85d0, L_00000000029d85d0, L_00000000029d85d0;
LS_00000000029dabf0_0_16 .concat [ 1 1 1 1], L_00000000029d85d0, L_00000000029d85d0, L_00000000029d85d0, L_00000000029d85d0;
LS_00000000029dabf0_1_0 .concat [ 4 4 4 4], LS_00000000029dabf0_0_0, LS_00000000029dabf0_0_4, LS_00000000029dabf0_0_8, LS_00000000029dabf0_0_12;
LS_00000000029dabf0_1_4 .concat [ 4 0 0 0], LS_00000000029dabf0_0_16;
L_00000000029dabf0 .concat [ 16 4 0 0], LS_00000000029dabf0_1_0, LS_00000000029dabf0_1_4;
L_00000000029da510 .part L_00000000029d87b0, 18, 7;
L_00000000029d8670 .part L_00000000029d87b0, 0, 5;
L_00000000029da650 .concat [ 5 7 20 0], L_00000000029d8670, L_00000000029da510, L_00000000029dabf0;
L_00000000029da5b0 .part L_00000000029d87b0, 5, 20;
L_00000000029dac90 .concat [ 12 20 0 0], L_00000000029df3b0, L_00000000029da5b0;
L_00000000029d8710 .part L_00000000029d87b0, 24, 1;
LS_00000000029d8b70_0_0 .concat [ 1 1 1 1], L_00000000029d8710, L_00000000029d8710, L_00000000029d8710, L_00000000029d8710;
LS_00000000029d8b70_0_4 .concat [ 1 1 1 1], L_00000000029d8710, L_00000000029d8710, L_00000000029d8710, L_00000000029d8710;
LS_00000000029d8b70_0_8 .concat [ 1 1 1 1], L_00000000029d8710, L_00000000029d8710, L_00000000029d8710, L_00000000029d8710;
LS_00000000029d8b70_0_12 .concat [ 1 1 1 1], L_00000000029d8710, L_00000000029d8710, L_00000000029d8710, L_00000000029d8710;
LS_00000000029d8b70_0_16 .concat [ 1 1 1 0], L_00000000029d8710, L_00000000029d8710, L_00000000029d8710;
LS_00000000029d8b70_1_0 .concat [ 4 4 4 4], LS_00000000029d8b70_0_0, LS_00000000029d8b70_0_4, LS_00000000029d8b70_0_8, LS_00000000029d8b70_0_12;
LS_00000000029d8b70_1_4 .concat [ 3 0 0 0], LS_00000000029d8b70_0_16;
L_00000000029d8b70 .concat [ 16 3 0 0], LS_00000000029d8b70_1_0, LS_00000000029d8b70_1_4;
L_00000000029d91b0 .part L_00000000029d87b0, 24, 1;
L_00000000029da790 .part L_00000000029d87b0, 0, 1;
L_00000000029da6f0 .part L_00000000029d87b0, 18, 6;
L_00000000029d9d90 .part L_00000000029d87b0, 1, 4;
LS_00000000029daa10_0_0 .concat [ 1 4 6 1], L_00000000029df3f8, L_00000000029d9d90, L_00000000029da6f0, L_00000000029da790;
LS_00000000029daa10_0_4 .concat [ 1 19 0 0], L_00000000029d91b0, L_00000000029d8b70;
L_00000000029daa10 .concat [ 12 20 0 0], LS_00000000029daa10_0_0, LS_00000000029daa10_0_4;
L_00000000029d92f0 .part L_00000000029d87b0, 24, 1;
LS_00000000029d8c10_0_0 .concat [ 1 1 1 1], L_00000000029d92f0, L_00000000029d92f0, L_00000000029d92f0, L_00000000029d92f0;
LS_00000000029d8c10_0_4 .concat [ 1 1 1 1], L_00000000029d92f0, L_00000000029d92f0, L_00000000029d92f0, L_00000000029d92f0;
LS_00000000029d8c10_0_8 .concat [ 1 1 1 0], L_00000000029d92f0, L_00000000029d92f0, L_00000000029d92f0;
L_00000000029d8c10 .concat [ 4 4 3 0], LS_00000000029d8c10_0_0, LS_00000000029d8c10_0_4, LS_00000000029d8c10_0_8;
L_00000000029d9930 .part L_00000000029d87b0, 24, 1;
L_00000000029d8f30 .part L_00000000029d87b0, 5, 8;
L_00000000029d94d0 .part L_00000000029d87b0, 13, 1;
L_00000000029d9a70 .part L_00000000029d87b0, 14, 10;
LS_00000000029d9bb0_0_0 .concat [ 1 10 1 8], L_00000000029df440, L_00000000029d9a70, L_00000000029d94d0, L_00000000029d8f30;
LS_00000000029d9bb0_0_4 .concat [ 1 11 0 0], L_00000000029d9930, L_00000000029d8c10;
L_00000000029d9bb0 .concat [ 20 12 0 0], LS_00000000029d9bb0_0_0, LS_00000000029d9bb0_0_4;
    .scope S_000000000289ef00;
T_0 ;
    %wait E_0000000002945a60;
    %load/vec4 v00000000029d2540_0;
    %dup/vec4;
    %pushi/vec4 1, 0, 3;
    %cmp/u;
    %jmp/1 T_0.0, 6;
    %dup/vec4;
    %pushi/vec4 2, 0, 3;
    %cmp/u;
    %jmp/1 T_0.1, 6;
    %dup/vec4;
    %pushi/vec4 3, 0, 3;
    %cmp/u;
    %jmp/1 T_0.2, 6;
    %dup/vec4;
    %pushi/vec4 4, 0, 3;
    %cmp/u;
    %jmp/1 T_0.3, 6;
    %load/vec4 v00000000029d1fa0_0;
    %store/vec4 v00000000029d3b20_0, 0, 32;
    %jmp T_0.5;
T_0.0 ;
    %load/vec4 v00000000029d3300_0;
    %store/vec4 v00000000029d3b20_0, 0, 32;
    %jmp T_0.5;
T_0.1 ;
    %load/vec4 v00000000029d29a0_0;
    %store/vec4 v00000000029d3b20_0, 0, 32;
    %jmp T_0.5;
T_0.2 ;
    %load/vec4 v00000000029d2360_0;
    %store/vec4 v00000000029d3b20_0, 0, 32;
    %jmp T_0.5;
T_0.3 ;
    %load/vec4 v00000000029d3760_0;
    %store/vec4 v00000000029d3b20_0, 0, 32;
    %jmp T_0.5;
T_0.5 ;
    %pop/vec4 1;
    %jmp T_0;
    .thread T_0, $push;
    .scope S_00000000028de020;
T_1 ;
    %wait E_0000000002945d20;
    %pushi/vec4 0, 0, 6;
    %store/vec4 v00000000029c34c0_0, 0, 6;
    %pushi/vec4 0, 0, 6;
    %store/vec4 v00000000029c19e0_0, 0, 6;
    %pushi/vec4 0, 0, 6;
    %store/vec4 v00000000029c16c0_0, 0, 6;
    %pushi/vec4 0, 0, 4;
    %store/vec4 v00000000029c2de0_0, 0, 4;
    %pushi/vec4 0, 0, 1;
    %store/vec4 v00000000029beb60_0, 0, 1;
    %pushi/vec4 0, 0, 1;
    %store/vec4 v00000000029bd940_0, 0, 1;
    %pushi/vec4 0, 0, 1;
    %store/vec4 v00000000029bd4e0_0, 0, 1;
    %pushi/vec4 0, 0, 1;
    %store/vec4 v00000000029c14e0_0, 0, 1;
    %pushi/vec4 0, 0, 1;
    %store/vec4 v00000000029be0c0_0, 0, 1;
    %pushi/vec4 0, 0, 1;
    %store/vec4 v00000000029beac0_0, 0, 1;
    %pushi/vec4 0, 0, 1;
    %store/vec4 v00000000029bde40_0, 0, 1;
    %pushi/vec4 0, 0, 1;
    %store/vec4 v00000000029c3600_0, 0, 1;
    %pushi/vec4 0, 0, 1;
    %store/vec4 v00000000029c2200_0, 0, 1;
    %pushi/vec4 0, 0, 1;
    %store/vec4 v00000000029c18a0_0, 0, 1;
    %pushi/vec4 0, 0, 1;
    %store/vec4 v00000000029bf240_0, 0, 1;
    %pushi/vec4 0, 0, 1;
    %store/vec4 v00000000029c2fc0_0, 0, 1;
    %load/vec4 v00000000029c1800_0;
    %dup/vec4;
    %pushi/vec4 0, 0, 2;
    %cmp/u;
    %jmp/1 T_1.0, 6;
    %dup/vec4;
    %pushi/vec4 1, 0, 2;
    %cmp/u;
    %jmp/1 T_1.1, 6;
    %dup/vec4;
    %pushi/vec4 2, 0, 2;
    %cmp/u;
    %jmp/1 T_1.2, 6;
    %jmp T_1.3;
T_1.0 ;
    %load/vec4 v00000000029bd260_0;
    %dup/vec4;
    %pushi/vec4 0, 0, 3;
    %cmp/u;
    %jmp/1 T_1.4, 6;
    %dup/vec4;
    %pushi/vec4 2, 0, 3;
    %cmp/u;
    %jmp/1 T_1.5, 6;
    %dup/vec4;
    %pushi/vec4 6, 0, 3;
    %cmp/u;
    %jmp/1 T_1.6, 6;
    %jmp T_1.7;
T_1.4 ;
    %load/vec4 v00000000029c1760_0;
    %store/vec4 v00000000029c16c0_0, 0, 6;
    %pushi/vec4 2, 0, 6;
    %store/vec4 v00000000029c34c0_0, 0, 6;
    %pushi/vec4 1, 0, 1;
    %store/vec4 v00000000029beb60_0, 0, 1;
    %pushi/vec4 1, 0, 4;
    %store/vec4 v00000000029c2de0_0, 0, 4;
    %pushi/vec4 1, 0, 1;
    %store/vec4 v00000000029c18a0_0, 0, 1;
    %pushi/vec4 1, 0, 1;
    %store/vec4 v00000000029c2fc0_0, 0, 1;
    %jmp T_1.7;
T_1.5 ;
    %load/vec4 v00000000029c1760_0;
    %store/vec4 v00000000029c16c0_0, 0, 6;
    %load/vec4 v00000000029c2020_0;
    %store/vec4 v00000000029c34c0_0, 0, 6;
    %pushi/vec4 1, 0, 1;
    %store/vec4 v00000000029bde40_0, 0, 1;
    %pushi/vec4 1, 0, 4;
    %store/vec4 v00000000029c2de0_0, 0, 4;
    %jmp T_1.7;
T_1.6 ;
    %load/vec4 v00000000029c1760_0;
    %store/vec4 v00000000029c16c0_0, 0, 6;
    %load/vec4 v00000000029c2020_0;
    %store/vec4 v00000000029c34c0_0, 0, 6;
    %pushi/vec4 1, 0, 1;
    %store/vec4 v00000000029c3600_0, 0, 1;
    %pushi/vec4 1, 0, 4;
    %store/vec4 v00000000029c2de0_0, 0, 4;
    %jmp T_1.7;
T_1.7 ;
    %pop/vec4 1;
    %jmp T_1.3;
T_1.1 ;
    %load/vec4 v00000000029bd260_0;
    %dup/vec4;
    %pushi/vec4 0, 0, 3;
    %cmp/u;
    %jmp/1 T_1.8, 6;
    %dup/vec4;
    %pushi/vec4 1, 0, 3;
    %cmp/u;
    %jmp/1 T_1.9, 6;
    %dup/vec4;
    %pushi/vec4 2, 0, 3;
    %cmp/u;
    %jmp/1 T_1.10, 6;
    %dup/vec4;
    %pushi/vec4 3, 0, 3;
    %cmp/u;
    %jmp/1 T_1.11, 6;
    %dup/vec4;
    %pushi/vec4 4, 0, 3;
    %cmp/u;
    %jmp/1 T_1.12, 6;
    %dup/vec4;
    %pushi/vec4 5, 0, 3;
    %cmp/u;
    %jmp/1 T_1.13, 6;
    %dup/vec4;
    %pushi/vec4 6, 0, 3;
    %cmp/u;
    %jmp/1 T_1.14, 6;
    %dup/vec4;
    %pushi/vec4 7, 0, 3;
    %cmp/u;
    %jmp/1 T_1.15, 6;
    %jmp T_1.16;
T_1.8 ;
    %load/vec4 v00000000029c2700_0;
    %pad/u 6;
    %store/vec4 v00000000029c16c0_0, 0, 6;
    %load/vec4 v00000000029c2700_0;
    %pad/u 6;
    %store/vec4 v00000000029c34c0_0, 0, 6;
    %pushi/vec4 1, 0, 1;
    %store/vec4 v00000000029beb60_0, 0, 1;
    %pushi/vec4 1, 0, 4;
    %store/vec4 v00000000029c2de0_0, 0, 4;
    %jmp T_1.16;
T_1.9 ;
    %pushi/vec4 1, 0, 6;
    %store/vec4 v00000000029c16c0_0, 0, 6;
    %pushi/vec4 1, 0, 1;
    %store/vec4 v00000000029bd940_0, 0, 1;
    %jmp T_1.16;
T_1.10 ;
    %load/vec4 v00000000029c2700_0;
    %pad/u 6;
    %store/vec4 v00000000029c16c0_0, 0, 6;
    %pushi/vec4 0, 0, 6;
    %store/vec4 v00000000029c34c0_0, 0, 6;
    %pushi/vec4 1, 0, 1;
    %store/vec4 v00000000029beb60_0, 0, 1;
    %pushi/vec4 1, 0, 4;
    %store/vec4 v00000000029c2de0_0, 0, 4;
    %jmp T_1.16;
T_1.11 ;
    %load/vec4 v00000000029c2700_0;
    %cmpi/ne 2, 0, 5;
    %jmp/0xz  T_1.17, 4;
    %load/vec4 v00000000029c2700_0;
    %pad/u 6;
    %store/vec4 v00000000029c16c0_0, 0, 6;
    %pushi/vec4 0, 0, 6;
    %store/vec4 v00000000029c34c0_0, 0, 6;
    %pushi/vec4 1, 0, 1;
    %store/vec4 v00000000029be0c0_0, 0, 1;
    %jmp T_1.18;
T_1.17 ;
    %pushi/vec4 2, 0, 6;
    %store/vec4 v00000000029c16c0_0, 0, 6;
    %pushi/vec4 2, 0, 6;
    %store/vec4 v00000000029c34c0_0, 0, 6;
    %pushi/vec4 1, 0, 1;
    %store/vec4 v00000000029beb60_0, 0, 1;
    %pushi/vec4 1, 0, 4;
    %store/vec4 v00000000029c2de0_0, 0, 4;
    %pushi/vec4 1, 0, 1;
    %store/vec4 v00000000029c2200_0, 0, 1;
T_1.18 ;
    %jmp T_1.16;
T_1.12 ;
    %load/vec4 v00000000029bf420_0;
    %dup/vec4;
    %pushi/vec4 0, 0, 2;
    %cmp/u;
    %jmp/1 T_1.19, 6;
    %dup/vec4;
    %pushi/vec4 1, 0, 2;
    %cmp/u;
    %jmp/1 T_1.20, 6;
    %dup/vec4;
    %pushi/vec4 2, 0, 2;
    %cmp/u;
    %jmp/1 T_1.21, 6;
    %dup/vec4;
    %pushi/vec4 3, 0, 2;
    %cmp/u;
    %jmp/1 T_1.22, 6;
    %jmp T_1.23;
T_1.19 ;
    %load/vec4 v00000000029c2020_0;
    %store/vec4 v00000000029c16c0_0, 0, 6;
    %load/vec4 v00000000029c2020_0;
    %store/vec4 v00000000029c34c0_0, 0, 6;
    %pushi/vec4 1, 0, 1;
    %store/vec4 v00000000029beb60_0, 0, 1;
    %pushi/vec4 9, 0, 4;
    %store/vec4 v00000000029c2de0_0, 0, 4;
    %pushi/vec4 1, 0, 1;
    %store/vec4 v00000000029c2fc0_0, 0, 1;
    %jmp T_1.23;
T_1.20 ;
    %load/vec4 v00000000029c2020_0;
    %store/vec4 v00000000029c16c0_0, 0, 6;
    %load/vec4 v00000000029c2020_0;
    %store/vec4 v00000000029c34c0_0, 0, 6;
    %pushi/vec4 1, 0, 1;
    %store/vec4 v00000000029beb60_0, 0, 1;
    %pushi/vec4 10, 0, 4;
    %store/vec4 v00000000029c2de0_0, 0, 4;
    %pushi/vec4 1, 0, 1;
    %store/vec4 v00000000029c2fc0_0, 0, 1;
    %jmp T_1.23;
T_1.21 ;
    %load/vec4 v00000000029c2020_0;
    %store/vec4 v00000000029c16c0_0, 0, 6;
    %load/vec4 v00000000029c2020_0;
    %store/vec4 v00000000029c34c0_0, 0, 6;
    %pushi/vec4 1, 0, 1;
    %store/vec4 v00000000029beb60_0, 0, 1;
    %pushi/vec4 3, 0, 4;
    %store/vec4 v00000000029c2de0_0, 0, 4;
    %jmp T_1.23;
T_1.22 ;
    %load/vec4 v00000000029bd300_0;
    %nor/r;
    %flag_set/vec4 8;
    %jmp/0xz  T_1.24, 8;
    %pushi/vec4 1, 0, 1;
    %store/vec4 v00000000029c14e0_0, 0, 1;
    %load/vec4 v00000000029c2020_0;
    %store/vec4 v00000000029c16c0_0, 0, 6;
    %load/vec4 v00000000029c2020_0;
    %store/vec4 v00000000029c34c0_0, 0, 6;
    %load/vec4 v00000000029c1760_0;
    %store/vec4 v00000000029c19e0_0, 0, 6;
    %load/vec4 v00000000029bcfe0_0;
    %dup/vec4;
    %pushi/vec4 0, 0, 2;
    %cmp/u;
    %jmp/1 T_1.26, 6;
    %dup/vec4;
    %pushi/vec4 1, 0, 2;
    %cmp/u;
    %jmp/1 T_1.27, 6;
    %dup/vec4;
    %pushi/vec4 2, 0, 2;
    %cmp/u;
    %jmp/1 T_1.28, 6;
    %dup/vec4;
    %pushi/vec4 3, 0, 2;
    %cmp/u;
    %jmp/1 T_1.29, 6;
    %jmp T_1.30;
T_1.26 ;
    %pushi/vec4 2, 0, 4;
    %store/vec4 v00000000029c2de0_0, 0, 4;
    %jmp T_1.30;
T_1.27 ;
    %pushi/vec4 5, 0, 4;
    %store/vec4 v00000000029c2de0_0, 0, 4;
    %jmp T_1.30;
T_1.28 ;
    %pushi/vec4 4, 0, 4;
    %store/vec4 v00000000029c2de0_0, 0, 4;
    %jmp T_1.30;
T_1.29 ;
    %pushi/vec4 3, 0, 4;
    %store/vec4 v00000000029c2de0_0, 0, 4;
    %jmp T_1.30;
T_1.30 ;
    %pop/vec4 1;
T_1.24 ;
    %jmp T_1.23;
T_1.23 ;
    %pop/vec4 1;
    %jmp T_1.16;
T_1.13 ;
    %pushi/vec4 0, 0, 6;
    %store/vec4 v00000000029c16c0_0, 0, 6;
    %pushi/vec4 1, 0, 1;
    %store/vec4 v00000000029bd940_0, 0, 1;
    %jmp T_1.16;
T_1.14 ;
    %load/vec4 v00000000029c2020_0;
    %store/vec4 v00000000029c34c0_0, 0, 6;
    %pushi/vec4 0, 0, 6;
    %store/vec4 v00000000029c19e0_0, 0, 6;
    %pushi/vec4 1, 0, 1;
    %store/vec4 v00000000029bdd00_0, 0, 1;
    %pushi/vec4 2, 0, 4;
    %store/vec4 v00000000029c2de0_0, 0, 4;
    %jmp T_1.16;
T_1.15 ;
    %load/vec4 v00000000029c2020_0;
    %store/vec4 v00000000029c34c0_0, 0, 6;
    %pushi/vec4 0, 0, 6;
    %store/vec4 v00000000029c19e0_0, 0, 6;
    %pushi/vec4 1, 0, 1;
    %store/vec4 v00000000029bdd00_0, 0, 1;
    %pushi/vec4 2, 0, 4;
    %store/vec4 v00000000029c2de0_0, 0, 4;
    %jmp T_1.16;
T_1.16 ;
    %pop/vec4 1;
    %jmp T_1.3;
T_1.2 ;
    %load/vec4 v00000000029bd260_0;
    %dup/vec4;
    %pushi/vec4 0, 0, 3;
    %cmp/u;
    %jmp/1 T_1.31, 6;
    %dup/vec4;
    %pushi/vec4 2, 0, 3;
    %cmp/u;
    %jmp/1 T_1.32, 6;
    %dup/vec4;
    %pushi/vec4 6, 0, 3;
    %cmp/u;
    %jmp/1 T_1.33, 6;
    %dup/vec4;
    %pushi/vec4 4, 0, 3;
    %cmp/u;
    %jmp/1 T_1.34, 6;
    %jmp T_1.35;
T_1.31 ;
    %load/vec4 v00000000029c2700_0;
    %pad/u 6;
    %store/vec4 v00000000029c16c0_0, 0, 6;
    %load/vec4 v00000000029c2700_0;
    %pad/u 6;
    %store/vec4 v00000000029c34c0_0, 0, 6;
    %pushi/vec4 1, 0, 1;
    %store/vec4 v00000000029beb60_0, 0, 1;
    %pushi/vec4 8, 0, 4;
    %store/vec4 v00000000029c2de0_0, 0, 4;
    %jmp T_1.35;
T_1.32 ;
    %load/vec4 v00000000029c2700_0;
    %pad/u 6;
    %store/vec4 v00000000029c16c0_0, 0, 6;
    %pushi/vec4 2, 0, 6;
    %store/vec4 v00000000029c34c0_0, 0, 6;
    %pushi/vec4 1, 0, 1;
    %store/vec4 v00000000029bde40_0, 0, 1;
    %pushi/vec4 1, 0, 4;
    %store/vec4 v00000000029c2de0_0, 0, 4;
    %pushi/vec4 1, 0, 1;
    %store/vec4 v00000000029bf240_0, 0, 1;
    %jmp T_1.35;
T_1.33 ;
    %load/vec4 v00000000029c2700_0;
    %pad/u 6;
    %store/vec4 v00000000029c16c0_0, 0, 6;
    %pushi/vec4 2, 0, 6;
    %store/vec4 v00000000029c34c0_0, 0, 6;
    %pushi/vec4 1, 0, 1;
    %store/vec4 v00000000029c3600_0, 0, 1;
    %pushi/vec4 1, 0, 4;
    %store/vec4 v00000000029c2de0_0, 0, 4;
    %pushi/vec4 1, 0, 1;
    %store/vec4 v00000000029bf240_0, 0, 1;
    %jmp T_1.35;
T_1.34 ;
    %load/vec4 v00000000029bd300_0;
    %flag_set/vec4 8;
    %jmp/0xz  T_1.36, 8;
    %load/vec4 v00000000029c36a0_0;
    %cmpi/e 0, 0, 5;
    %jmp/0xz  T_1.38, 4;
    %load/vec4 v00000000029c2700_0;
    %cmpi/e 0, 0, 5;
    %jmp/0xz  T_1.40, 4;
    %pushi/vec4 1, 0, 1;
    %store/vec4 v00000000029beac0_0, 0, 1;
    %jmp T_1.41;
T_1.40 ;
    %pushi/vec4 1, 0, 1;
    %store/vec4 v00000000029bd4e0_0, 0, 1;
    %load/vec4 v00000000029c2700_0;
    %pad/u 6;
    %store/vec4 v00000000029c34c0_0, 0, 6;
    %pushi/vec4 1, 0, 6;
    %store/vec4 v00000000029c16c0_0, 0, 6;
T_1.41 ;
    %jmp T_1.39;
T_1.38 ;
    %load/vec4 v00000000029c2700_0;
    %pad/u 6;
    %store/vec4 v00000000029c16c0_0, 0, 6;
    %load/vec4 v00000000029c2700_0;
    %pad/u 6;
    %store/vec4 v00000000029c34c0_0, 0, 6;
    %load/vec4 v00000000029c36a0_0;
    %pad/u 6;
    %store/vec4 v00000000029c19e0_0, 0, 6;
    %pushi/vec4 1, 0, 1;
    %store/vec4 v00000000029c14e0_0, 0, 1;
    %pushi/vec4 1, 0, 4;
    %store/vec4 v00000000029c2de0_0, 0, 4;
T_1.39 ;
    %jmp T_1.37;
T_1.36 ;
    %load/vec4 v00000000029c36a0_0;
    %cmpi/e 0, 0, 5;
    %jmp/0xz  T_1.42, 4;
    %pushi/vec4 1, 0, 1;
    %store/vec4 v00000000029bd4e0_0, 0, 1;
    %load/vec4 v00000000029c2700_0;
    %pad/u 6;
    %store/vec4 v00000000029c34c0_0, 0, 6;
    %pushi/vec4 0, 0, 6;
    %store/vec4 v00000000029c16c0_0, 0, 6;
    %jmp T_1.43;
T_1.42 ;
    %load/vec4 v00000000029c2700_0;
    %pad/u 6;
    %store/vec4 v00000000029c16c0_0, 0, 6;
    %load/vec4 v00000000029c2700_0;
    %pad/u 6;
    %store/vec4 v00000000029c34c0_0, 0, 6;
    %pushi/vec4 0, 0, 6;
    %store/vec4 v00000000029c19e0_0, 0, 6;
    %pushi/vec4 1, 0, 1;
    %store/vec4 v00000000029c14e0_0, 0, 1;
    %pushi/vec4 1, 0, 4;
    %store/vec4 v00000000029c2de0_0, 0, 4;
T_1.43 ;
T_1.37 ;
    %jmp T_1.35;
T_1.35 ;
    %pop/vec4 1;
    %jmp T_1.3;
T_1.3 ;
    %pop/vec4 1;
    %jmp T_1;
    .thread T_1, $push;
    .scope S_00000000028995a0;
T_2 ;
    %vpi_call 2 89 "$dumpfile", "bbb.vcd" {0 0 0};
    %vpi_call 2 90 "$readmemh", "instmem.txt", v00000000029d54c0 {0 0 0};
    %pushi/vec4 0, 0, 32;
    %store/vec4 v00000000029d4fc0_0, 0, 32;
    %pushi/vec4 0, 0, 33;
    %store/vec4 v00000000029d5560_0, 0, 33;
    %delay 50000, 0;
    %pushi/vec4 0, 0, 32;
    %store/vec4 v00000000029d4ac0_0, 0, 32;
T_2.0 ;
    %load/vec4 v00000000029d4ac0_0;
    %cmpi/s 32, 0, 32;
    %jmp/0xz T_2.1, 5;
    %load/vec4 v00000000029d4ac0_0;
    %pad/s 65;
    %muli 2, 0, 65;
    %addi 1, 0, 65;
    %ix/vec4/s 4;
    %load/vec4a v00000000029d54c0, 4;
    %store/vec4 v00000000029d4fc0_0, 0, 32;
    %load/vec4 v00000000029d4ac0_0;
    %pad/s 64;
    %muli 2, 0, 64;
    %ix/vec4/s 4;
    %load/vec4a v00000000029d54c0, 4;
    %pad/u 33;
    %store/vec4 v00000000029d5560_0, 0, 33;
    %delay 20000, 0;
    %load/vec4 v00000000029d4ac0_0;
    %pushi/vec4 1, 0, 32;
    %add;
    %store/vec4 v00000000029d4ac0_0, 0, 32;
    %jmp T_2.0;
T_2.1 ;
    %end;
    .thread T_2;
# The file index is used to find the file name in the following table.
:file_names 7;
    "N/A";
    "<interactive>";
    "tb_decode.v";
    "compressed_decoder.v";
    "id_dec_test.v";
    "./controller1.v";
    "./shiftsignshuff.v";
