0x000: ['C.ADDI', 12, '63'] 167d
0x002: ['C.ADDI', 12, '63'] 167d
0x004: ['C.ADDI', 12, '62'] 1679
0x006: ['C.ADDI', 8, '1'] 0405
0x008: ['C.SW', 8, 1, 3] c1c0
0x00a: ['C.ADDI', 11, '8'] 05a1
0x00c: ['C.LW', 8, -2, 3] 5da0
0x00e: ['C.LW', 9, -1, 3] 5de4
0x010: ['ADD', 10, 9, 8] 00848533
0x014: ['C.SW', 10, 0, 3] c188
0x016: ['C.ADDI', 11, '4'] 0591
0x018: ['SUB', 13, 12, 11] 40b606b3
0x01c: ['C.BEQZ', 5, '4'] c291
0x01e: ['C.JAL', '-18'] 37fd
0x020: ['C.SW', 11, 0, 4] c20c
0x022: ['NOP'] 00000013
0x026: ['NOP'] 00000013
0x02a: ['NOP'] 00000013
0x02e: ['NOP'] 00000013
0x032: ['NOP'] 00000013
0x036: ['NOP'] 00000013
0x03a: ['NOP'] 00000013
0x03e: ['ADDI', 22, 0, '380'] 17c00b13
0x042: ['ADDI', 21, 11, '4'] 00458a93
0x046: ['ADDI', 18, 0, '1'] 00100913
0x04a: ['SW', 18, 4, 21] 012aa223
0x04e: ['ADDI', 21, 21, '8'] 008a8a93
0x052: ['LW', 18, -8, 21] ff8aa903
0x056: ['LW', 19, -4, 21] ffcaa983
0x05a: ['ADD', 20, 19, 18] 01298a33
0x05e: ['SW', 20, 0, 21] 014aa023
0x062: ['ADDI', 21, 21, '4'] 004a8a93
0x066: ['BEQ', 21, 22, '8'] 016a8463
0x06a: ['JAL', 0, '-24'] fe9ff06f
0x06e: ['SW', 21, 0, 22] 015b2023
0x072: ['NOP'] 00000013
0x076: ['NOP'] 00000013
0x07a: ['NOP'] 00000013
0x07e: ['NOP'] 00000013
0x082: ['NOP'] 00000013
0x086: ['NOP'] 00000013
0x08a: ['NOP'] 00000013
0x08e: ['NOP'] 00000013
0x092: ['NOP'] 00000013
0x096: ['NOP'] 00000013
