Vivado Simulator 2019.2
Time resolution is 1 ps
WARNING: Too many words specified in data file datamem.mem
===| SUMMARY |===
Actual  	Expected
========	========
00019000	00019000	Pass
0ffcd000	0ffcd000	Pass
0aff1000	0aff1000	Pass
0ffe6000	0ffe6000	Pass
1ad02000	1ad02000	Pass
1ffc1000	1ffc1000	Pass
0fd3a000	0fd3a000	Pass
00010000	00010000	Pass
faffb000	faffb000	Pass
0ffdb000	0ffdb000	Pass
f5061000	f5061000	Pass
fffe7000	fffe7000	Pass
f0033000	f0033000	Pass
00019000	00019000	Pass
0ffcd000	0ffcd000	Pass
00029000	00029000	Pass
00000000	00000000	Pass
00000001	00000001	Pass
00000000	00000000	Pass
00000000	00000000	Pass
00000001	00000001	Pass
00000001	00000001	Pass
00000000	00000000	Pass
00fff000	00fff000	Pass
06090000	06090000	Pass
11111000	11111000	Pass
11111000	11111000	Pass
11111000	11111000	Pass
11111000	11111000	Pass
11111000	11111000	Pass
11111000	11111000	Pass
07fff000	07fff000	Pass
07000000	07000000	Pass
00000000	00000000	Pass
00000000	00000000	Pass
00000000	00000000	Pass
00000000	00000000	Pass
00000000	00000000	Pass
00000000	00000000	Pass
00000000	00000000	Pass
00000000	00000000	Pass
00000000	00000000	Pass
00000000	00000000	Pass
00000000	00000000	Pass
00000000	00000000	Pass
00000000	00000000	Pass
00000000	00000000	Pass
00000000	00000000	Pass
00000000	00000000	Pass
00000000	00000000	Pass
00000000	00000000	Pass
00000000	00000000	Pass
00000000	00000000	Pass
00000000	00000000	Pass
00000000	00000000	Pass
00000000	00000000	Pass
00000000	00000000	Pass
00000000	00000000	Pass
00000000	00000000	Pass
00000000	00000000	Pass
00000000	00000000	Pass
00000000	00000000	Pass
00000000	00000000	Pass
00000000	00000000	Pass
00000000	00000000	Pass
00000000	00000000	Pass
00000000	00000000	Pass
00000000	00000000	Pass
00000000	00000000	Pass
00000000	00000000	Pass
00000000	00000000	Pass
00000000	00000000	Pass
00000000	00000000	Pass
00000000	00000000	Pass
00000000	00000000	Pass
00000000	00000000	Pass
00000000	00000000	Pass
00000000	00000000	Pass
00000000	00000000	Pass
00000000	00000000	Pass
00000000	00000000	Pass
00000000	00000000	Pass
00000000	00000000	Pass
00000000	00000000	Pass
00000000	00000000	Pass
00000000	00000000	Pass
00000000	00000000	Pass
00000000	00000000	Pass
00000000	00000000	Pass
00000000	00000000	Pass
00000000	00000000	Pass
00000000	00000000	Pass
00000000	00000000	Pass
00000000	00000000	Pass
00000000	00000000	Pass
00000000	00000000	Pass
00000000	00000000	Pass
00000000	00000000	Pass
00000000	00000000	Pass
00000000	00000000	Pass


Passed         100/        100 test cases.
=================
$finish called at time : 1175 ns : File "C:/Users/MJ/Documents/Vivado/pipelined-RV32IMC/pipelined-RV32IMC.srcs/sim_1/new/tb_top.v" Line 84
